w	0x1b6e8
w	0x1b6f0
w	0x1b6f8
w	0x1b700
w	0x1b708
w	0x1b710
w	0x1b718
w	0x1b720
w	0x1b728
w	0x1b730
w	0x1b738
w	0x1b740
w	0x1b748
w	0x1b750
w	0x1b758
w	0x1b760
w	0x1b768
w	0x1b770
w	0x1b778
w	0x1b780
w	0xfffffe8
r	0x1b658
w	0xfffffe0
r	0x1a848
w	0xfffffd8
w	0xfffffd0
w	0xfffffc8
w	0xffffff0
w	0x1a848
r	0x1a858
w	0x1a858
w	0x1a860
r	0xffffff0
r	0xfffffe8
r	0xfffffe0
r	0xfffffd8
r	0xfffffd0
r	0xfffffc8
w	0xfffffe8
w	0xfffffd8
w	0xfffffe0
w	0xffffff0
r	0x195d8
w	0xfffffd0
r	0x1a648
r	0xfffffd0
r	0xffffff0
r	0xfffffe8
r	0xfffffe0
r	0xfffffd8
r	0xffffff8
w	0xffffff0
w	0xfffffe8
w	0xfffffb4
w	0xfffffa8
w	0xfffffe0
r	0x190e0
w	0xfffffb8
r	0x190e1
w	0xfffffb9
r	0x190e2
w	0xfffffba
r	0x190e3
w	0xfffffbb
r	0x190e4
w	0xfffffbc
r	0x190e5
w	0xfffffbd
r	0x190e6
w	0xfffffbe
r	0x190e7
w	0xfffffbf
r	0x190e8
w	0xfffffc0
r	0x190e9
w	0xfffffc1
r	0x190ea
w	0xfffffc2
r	0x190eb
w	0xfffffc3
r	0x190ec
w	0xfffffc4
r	0x190ed
w	0xfffffc5
r	0x190ee
w	0xfffffc6
r	0x190ef
w	0xfffffc7
r	0x190f0
w	0xfffffc8
r	0x190f1
w	0xfffffc9
r	0x190f2
w	0xfffffca
r	0x190f3
w	0xfffffcb
r	0x190f4
w	0xfffffcc
r	0x190f5
w	0xfffffcd
r	0x190f6
w	0xfffffce
r	0x190f7
w	0xfffffcf
r	0x190f8
w	0xfffffd0
r	0x190f9
w	0xfffffd1
r	0x190fa
w	0xfffffd2
r	0x190fb
w	0xfffffd3
r	0x190fc
w	0xfffffd4
r	0x190fd
w	0xfffffd5
r	0x190fe
w	0xfffffd6
r	0x190ff
w	0xfffffd7
r	0x19100
w	0xfffffd8
r	0x19101
w	0xfffffd9
r	0x19102
w	0xfffffda
r	0x19103
w	0xfffffdb
r	0x19104
w	0xfffffdc
r	0x19105
w	0xfffffdd
r	0x19106
w	0xfffffde
r	0x19107
w	0xfffffdf
w	0xfffffe4
r	0xfffffb8
r	0x1b660
w	0xfffff78
w	0xfffff80
w	0xfffff90
w	0xfffff70
w	0xfffff88
w	0xfffff98
w	0xfffffa0
r	0x1a660
w	0xfffff60
w	0xfffff50
w	0xfffff40
w	0xfffff20
w	0xfffff18
w	0xfffff00
w	0xffffd80
w	0xfffff38
w	0xfffff30
w	0xfffff28
w	0xfffff10
w	0xfffff08
w	0xffffef8
w	0xffffef0
w	0xffffee8
w	0xffffee0
w	0xffffed0
r	0x1add8
w	0xffffdb8
r	0x1b688
r	0x195d0
r	0x195d0
r	0x195d1
w	0xffffdc0
r	0x1a6a0
r	0x1a6a0
w	0xffffd50
w	0xffffd48
w	0xffffd40
r	0x1a658
w	0xffffd38
w	0xffffd30
w	0xffffd28
w	0xffffd20
w	0xffffd18
w	0x1a6a8
w	0x1ab80
w	0x1ab78
w	0x1ab70
w	0x1ab98
w	0x1ab88
w	0x1ab90
w	0x1ab94
w	0x1ac34
w	0x1ab9a
w	0x1aba0
w	0x1aba8
w	0x1abb0
w	0x1ac33
w	0x1ac32
w	0x1ac31
w	0x1ac30
w	0x1ac2f
w	0x1ac2e
w	0x1ac2d
w	0x1ac2c
r	0x1a660
w	0x1abc0
w	0x1abc8
w	0x1abd0
w	0x1abd8
w	0x1abb8
w	0x1ac48
w	0x1ac4a
w	0x1ac38
w	0x1ac40
w	0x1ac44
w	0x1ace4
w	0x1ac50
w	0x1ac58
w	0x1ac60
w	0x1ace3
w	0x1ace2
w	0x1ace1
w	0x1ace0
w	0x1acdf
w	0x1acde
w	0x1acdd
w	0x1acdc
r	0x1a668
w	0x1ac70
w	0x1ac78
w	0x1ac80
w	0x1ac88
w	0x1ac68
w	0x1acf8
w	0x1acfa
w	0x1ace8
w	0x1acf0
w	0x1acf4
w	0x1ad94
w	0x1ad00
w	0x1ad08
w	0x1ad10
w	0x1ad93
w	0x1ad92
w	0x1ad91
w	0x1ad90
w	0x1ad8f
w	0x1ad8e
w	0x1ad8d
w	0x1ad8c
r	0xffffd50
w	0x1ad20
w	0x1ad28
w	0x1ad30
w	0x1ad38
w	0x1ad18
w	0x1a6a0
r	0xffffd48
r	0xffffd40
r	0xffffd38
r	0xffffd30
r	0xffffd28
r	0xffffd20
r	0xffffd18
r	0x1ac48
r	0x1ace4
w	0x1ac48
w	0x1ace4
r	0x1ac50
r	0x1b660
w	0xffffd48
w	0xffffd40
w	0xffffd50
r	0x1a6a0
r	0x1ac48
r	0x1ac50
r	0x1ac48
w	0xffffd20
w	0xffffd30
w	0xffffd28
w	0xffffd18
w	0xffffd10
r	0x1ac4a
r	0xffffc98
r	0x1ac48
w	0x1ac48
w	0xffffc70
w	0xffffc60
w	0xffffc80
w	0xffffc78
w	0xffffc68
w	0xffffc58
w	0xffffc50
w	0xffffc48
w	0xffffc40
w	0xffffc38
w	0xffffc30
r	0x1b2d0
r	0x1ae58
r	0x1ae40
r	0x1ae48
r	0x1ae40
r	0x1b708
r	0x1b670
r	0x1b710
w	0x1b710
r	0x1b710
r	0x1ae48
r	0x1ae40
r	0xffffc80
r	0xffffc78
r	0xffffc70
r	0xffffc68
r	0xffffc60
r	0xffffc58
r	0xffffc50
r	0xffffc48
r	0xffffc40
r	0xffffc38
r	0xffffc30
r	0x1ac48
w	0x1ac48
w	0x1ac38
w	0x1ac50
w	0x1ac58
r	0xffffd30
r	0xffffd28
r	0xffffd20
r	0xffffd18
r	0xffffd10
r	0x1ac48
r	0x1ac50
r	0x1ac58
w	0x1ac44
w	0x1ac60
r	0xffffd50
r	0xffffd48
r	0xffffd40
r	0x1ac48
r	0x1ac4a
r	0xffffd80
r	0x1ac48
r	0x1ace4
r	0x1ac4a
r	0x1ac68
r	0x1ac78
w	0xffffd48
w	0xffff898
w	0xffffd40
w	0xffffd38
w	0xffffd50
w	0xffff934
w	0xffff89a
w	0xffff8b8
w	0xffff8c8
w	0xffff888
w	0xffff8a0
w	0xffff894
w	0xffff8a8
w	0xffff8b0
w	0xffff880
w	0xffff860
w	0xffff858
w	0xffff840
w	0xffff6c0
w	0xffff878
w	0xffff870
w	0xffff868
w	0xffff850
w	0xffff848
w	0xffff838
w	0xffff830
w	0xffff828
w	0xffff820
w	0xffff810
r	0x1add8
w	0xffff6f8
r	0x1b688
r	0x195d0
r	0x195d0
r	0x195d1
w	0xffff700
r	0x1a6a0
r	0xffff898
r	0xffff934
w	0xffff898
w	0xffff934
r	0xffff8a0
w	0xffff6c8
w	0xffff6f0
w	0xffff748
w	0xffff758
w	0xffff750
w	0xffff708
w	0xffff6d0
w	0xffff70c
w	0xffff6b4
w	0xffff710
r	0x190c0
r	0x190c1
r	0x190c2
r	0x190c3
r	0x190c4
r	0x190c5
r	0x190c6
r	0x190c7
r	0xffff758
r	0xffff750
w	0xffff788
w	0xffff790
w	0xffff758
w	0xffff750
r	0xffff6b4
w	0xffff6b4
r	0x190c7
w	0xffff727
w	0xffff6b0
r	0x190c8
r	0xffff6c8
r	0x19218
r	0xffff6c0
r	0xfffff70
w	0xffff6c0
r	0xffff727
w	0xffff787
r	0xffff710
w	0xffff6b8
r	0xffff6b8
w	0xffff6a0
w	0xffff6e4
w	0xffff6d8
w	0xffff6e0
r	0xffff6b0
r	0xffff6a0
r	0xffff758
r	0xffff6d8
r	0xffff6e0
r	0xffff6b8
r	0xffff6b8
r	0xffff750
w	0xffff798
w	0xffff7a0
w	0xffff758
w	0xffff750
r	0xffff6b0
r	0xffff6a0
r	0xffff6b4
w	0xffff6b4
r	0xffff758
r	0xffff934
w	0xffff658
w	0xffff690
w	0xffff688
w	0xffff680
w	0xffff678
w	0xffff670
w	0xffff668
w	0xffff660
w	0xffff650
r	0xffff758
r	0xffff898
w	0xffff638
w	0xffff610
w	0xffff608
w	0xffff640
w	0xffff630
w	0xffff628
w	0xffff620
w	0xffff618
w	0xffff600
w	0xffff5f8
w	0xffff5f0
w	0xffff5e8
w	0xffff5e0
r	0xffff8a0
r	0xffff748
r	0xffff788
r	0xffff790
r	0x190c0
r	0x190c1
r	0x190c2
r	0x190c3
r	0x190c4
r	0x190c5
r	0x190c6
r	0xffff888
r	0xffff8a0
r	0xffff8a8
r	0x190c0
w	0xffff938
r	0x190c1
w	0xffff939
r	0x190c2
w	0xffff93a
r	0x190c3
w	0xffff93b
r	0x190c4
w	0xffff93c
r	0x190c5
w	0xffff93d
r	0x190c6
w	0xffff93e
r	0xffff894
r	0xffff888
w	0xffff894
w	0xffff888
r	0xffff758
w	0xffff758
r	0xffff798
r	0xffff7a0
r	0xffff787
r	0xffff888
r	0xffff8a0
r	0xffff8a8
r	0xffff894
r	0xffff787
w	0xffff93f
r	0xffff894
r	0xffff888
w	0xffff894
w	0xffff888
r	0xffff758
w	0xffff758
r	0xffff640
r	0xffff638
r	0xffff630
r	0xffff628
r	0xffff620
r	0xffff618
r	0xffff610
r	0xffff608
r	0xffff600
r	0xffff5f8
r	0xffff5f0
r	0xffff5e8
r	0xffff5e0
r	0xffff690
w	0xffff758
w	0xffff750
r	0xffff688
r	0xffff680
r	0xffff678
r	0xffff670
r	0xffff668
r	0xffff660
r	0xffff658
r	0xffff650
r	0x190c9
w	0xffff750
r	0x190c9
r	0xffff758
r	0xffff898
r	0xffff6b4
r	0xffff880
r	0xffff878
r	0xffff870
r	0xffff868
r	0xffff860
r	0xffff858
r	0xffff850
r	0xffff848
r	0xffff840
r	0xffff838
r	0xffff830
r	0xffff828
r	0xffff820
r	0xffff810
w	0xffff878
w	0xffff880
r	0x1a6a0
r	0xffff898
r	0xffff880
r	0xffff878
r	0xffff898
w	0xffff870
w	0xffff860
w	0xffff880
w	0xffff878
w	0xffff868
r	0xffff8a0
r	0xffff888
w	0xffff888
w	0xffff894
r	0xffff8c8
r	0xffff8b8
r	0x1ac48
w	0xffff848
w	0xffff840
w	0xffff850
r	0x1ac4a
w	0x1ac48
r	0xffff850
r	0xffff848
r	0xffff840
r	0xffff880
r	0xffff878
r	0xffff870
r	0xffff868
r	0xffff860
r	0xffff898
r	0xffffd50
r	0xffffd48
r	0xffffd40
r	0xffffd38
r	0xfffff40
r	0xfffff38
r	0xfffff30
r	0xfffff28
r	0xfffff20
r	0xfffff18
r	0xfffff10
r	0xfffff08
r	0xfffff00
r	0xffffef8
r	0xffffef0
r	0xffffee8
r	0xffffee0
r	0xffffed0
r	0xfffff60
w	0xfffffe4
r	0xfffffe4
r	0xfffffe0
r	0xfffffe4
r	0xfffffbc
r	0x1b660
w	0xfffff78
w	0xfffff80
w	0xfffff90
w	0xfffff70
w	0xfffff88
w	0xfffff98
w	0xfffffa0
r	0x1a660
w	0xfffff60
w	0xfffff50
w	0xfffff40
w	0xfffff20
w	0xfffff18
w	0xfffff00
w	0xffffd80
w	0xfffff38
w	0xfffff30
w	0xfffff28
w	0xfffff10
w	0xfffff08
w	0xffffef8
w	0xffffef0
w	0xffffee8
w	0xffffee0
w	0xffffed0
r	0x1add8
w	0xffffdb8
r	0x1b688
r	0x195d0
r	0x195d0
r	0x195d1
w	0xffffdc0
r	0x1a6a0
r	0x1ac48
r	0x1ac50
r	0x1ac4a
r	0xffffd80
r	0x1ac48
r	0x1ace4
r	0x1ac4a
r	0x1ac68
r	0x1ac78
w	0xffffd48
w	0xffff898
w	0xffffd40
w	0xffffd38
w	0xffffd50
w	0xffff934
w	0xffff89a
w	0xffff8b8
w	0xffff8c8
w	0xffff888
w	0xffff8a0
w	0xffff894
w	0xffff8a8
w	0xffff8b0
w	0xffff880
w	0xffff860
w	0xffff858
w	0xffff840
w	0xffff6c0
w	0xffff878
w	0xffff870
w	0xffff868
w	0xffff850
w	0xffff848
w	0xffff838
w	0xffff830
w	0xffff828
w	0xffff820
w	0xffff810
r	0x1add8
w	0xffff6f8
r	0x1b688
r	0x195d0
r	0x195d0
r	0x195d1
w	0xffff700
r	0x1a6a0
r	0xffff898
r	0xffff934
w	0xffff898
w	0xffff934
r	0xffff8a0
w	0xffff6c8
w	0xffff6f0
w	0xffff748
w	0xffff758
w	0xffff750
w	0xffff708
w	0xffff6d0
w	0xffff70c
w	0xffff6b4
w	0xffff710
r	0x190d0
r	0x190d1
r	0x190d2
r	0xffff758
r	0xffff750
w	0xffff788
w	0xffff790
w	0xffff758
w	0xffff750
r	0xffff6b4
w	0xffff6b4
r	0x190d2
w	0xffff727
w	0xffff6b0
r	0x190d3
r	0xffff6c8
r	0x19218
r	0xffff6c0
r	0xfffff70
w	0xffff6c0
r	0xffff727
w	0xffff787
r	0xffff710
w	0xffff6b8
r	0xffff6b8
w	0xffff6a0
w	0xffff6e4
w	0xffff6d8
w	0xffff6e0
r	0xffff6b0
r	0xffff6a0
r	0xffff758
r	0xffff6d8
r	0xffff6e0
r	0xffff6b8
r	0xffff6b8
r	0xffff750
w	0xffff798
w	0xffff7a0
w	0xffff758
w	0xffff750
r	0xffff6b0
r	0xffff6a0
r	0xffff6b4
w	0xffff6b4
r	0xffff758
r	0xffff934
w	0xffff658
w	0xffff690
w	0xffff688
w	0xffff680
w	0xffff678
w	0xffff670
w	0xffff668
w	0xffff660
w	0xffff650
r	0xffff758
r	0xffff898
w	0xffff638
w	0xffff610
w	0xffff608
w	0xffff640
w	0xffff630
w	0xffff628
w	0xffff620
w	0xffff618
w	0xffff600
w	0xffff5f8
w	0xffff5f0
w	0xffff5e8
w	0xffff5e0
r	0xffff8a0
r	0xffff748
r	0xffff788
r	0xffff790
r	0x190d0
r	0x190d1
r	0xffff888
r	0xffff8a0
r	0xffff8a8
r	0x190d0
w	0xffff938
r	0x190d1
w	0xffff939
r	0xffff894
r	0xffff888
w	0xffff894
w	0xffff888
r	0xffff758
w	0xffff758
r	0xffff798
r	0xffff7a0
r	0xffff787
r	0xffff888
r	0xffff8a0
r	0xffff8a8
r	0xffff894
r	0xffff787
w	0xffff93a
r	0xffff894
r	0xffff888
w	0xffff894
w	0xffff888
r	0xffff758
w	0xffff758
r	0xffff640
r	0xffff638
r	0xffff630
r	0xffff628
r	0xffff620
r	0xffff618
r	0xffff610
r	0xffff608
r	0xffff600
r	0xffff5f8
r	0xffff5f0
r	0xffff5e8
r	0xffff5e0
r	0xffff690
w	0xffff758
w	0xffff750
r	0xffff688
r	0xffff680
r	0xffff678
r	0xffff670
r	0xffff668
r	0xffff660
r	0xffff658
r	0xffff650
r	0x190d4
w	0xffff750
r	0x190d4
r	0xffff758
r	0xffff898
r	0xffff6b4
r	0xffff880
r	0xffff878
r	0xffff870
r	0xffff868
r	0xffff860
r	0xffff858
r	0xffff850
r	0xffff848
r	0xffff840
r	0xffff838
r	0xffff830
r	0xffff828
r	0xffff820
r	0xffff810
w	0xffff878
w	0xffff880
r	0x1a6a0
r	0xffff898
r	0xffff880
r	0xffff878
r	0xffff898
w	0xffff870
w	0xffff860
w	0xffff880
w	0xffff878
w	0xffff868
r	0xffff8a0
r	0xffff888
w	0xffff888
w	0xffff894
r	0xffff8c8
r	0xffff8b8
r	0x1ac48
w	0xffff848
w	0xffff840
w	0xffff850
r	0x1ac4a
w	0x1ac48
r	0xffff850
r	0xffff848
r	0xffff840
r	0xffff880
r	0xffff878
r	0xffff870
r	0xffff868
r	0xffff860
r	0xffff898
r	0xffffd50
r	0xffffd48
r	0xffffd40
r	0xffffd38
r	0xfffff40
r	0xfffff38
r	0xfffff30
r	0xfffff28
r	0xfffff20
r	0xfffff18
r	0xfffff10
r	0xfffff08
r	0xfffff00
r	0xffffef8
r	0xffffef0
r	0xffffee8
r	0xffffee0
r	0xffffed0
r	0xfffff60
r	0xfffffe4
w	0xfffffe4
r	0xfffffe4
r	0xfffffe0
r	0xfffffe4
r	0xfffffc0
r	0x1b660
w	0xfffff78
w	0xfffff80
w	0xfffff90
w	0xfffff70
w	0xfffff88
w	0xfffff98
w	0xfffffa0
r	0x1a660
w	0xfffff60
w	0xfffff50
w	0xfffff40
w	0xfffff20
w	0xfffff18
w	0xfffff00
w	0xffffd80
w	0xfffff38
w	0xfffff30
w	0xfffff28
w	0xfffff10
w	0xfffff08
w	0xffffef8
w	0xffffef0
w	0xffffee8
w	0xffffee0
w	0xffffed0
r	0x1add8
w	0xffffdb8
r	0x1b688
r	0x195d0
r	0x195d0
r	0x195d1
w	0xffffdc0
r	0x1a6a0
r	0x1ac48
r	0x1ac50
r	0x1ac4a
r	0xffffd80
r	0x1ac48
r	0x1ace4
r	0x1ac4a
r	0x1ac68
r	0x1ac78
w	0xffffd48
w	0xffff898
w	0xffffd40
w	0xffffd38
w	0xffffd50
w	0xffff934
w	0xffff89a
w	0xffff8b8
w	0xffff8c8
w	0xffff888
w	0xffff8a0
w	0xffff894
w	0xffff8a8
w	0xffff8b0
w	0xffff880
w	0xffff860
w	0xffff858
w	0xffff840
w	0xffff6c0
w	0xffff878
w	0xffff870
w	0xffff868
w	0xffff850
w	0xffff848
w	0xffff838
w	0xffff830
w	0xffff828
w	0xffff820
w	0xffff810
r	0x1add8
w	0xffff6f8
r	0x1b688
r	0x195d0
r	0x195d0
r	0x195d1
w	0xffff700
r	0x1a6a0
r	0xffff898
r	0xffff934
w	0xffff898
w	0xffff934
r	0xffff8a0
w	0xffff6c8
w	0xffff6f0
w	0xffff748
w	0xffff758
w	0xffff750
w	0xffff708
w	0xffff6d0
w	0xffff70c
w	0xffff6b4
w	0xffff710
r	0x190d0
r	0x190d1
r	0x190d2
r	0xffff758
r	0xffff750
w	0xffff788
w	0xffff790
w	0xffff758
w	0xffff750
r	0xffff6b4
w	0xffff6b4
r	0x190d2
w	0xffff727
w	0xffff6b0
r	0x190d3
r	0xffff6c8
r	0x19218
r	0xffff6c0
r	0xfffff70
w	0xffff6c0
r	0xffff727
w	0xffff787
r	0xffff710
w	0xffff6b8
r	0xffff6b8
w	0xffff6a0
w	0xffff6e4
w	0xffff6d8
w	0xffff6e0
r	0xffff6b0
r	0xffff6a0
r	0xffff758
r	0xffff6d8
r	0xffff6e0
r	0xffff6b8
r	0xffff6b8
r	0xffff750
w	0xffff798
w	0xffff7a0
w	0xffff758
w	0xffff750
r	0xffff6b0
r	0xffff6a0
r	0xffff6b4
w	0xffff6b4
r	0xffff758
r	0xffff934
w	0xffff658
w	0xffff690
w	0xffff688
w	0xffff680
w	0xffff678
w	0xffff670
w	0xffff668
w	0xffff660
w	0xffff650
r	0xffff758
r	0xffff898
w	0xffff638
w	0xffff610
w	0xffff608
w	0xffff640
w	0xffff630
w	0xffff628
w	0xffff620
w	0xffff618
w	0xffff600
w	0xffff5f8
w	0xffff5f0
w	0xffff5e8
w	0xffff5e0
r	0xffff8a0
r	0xffff748
r	0xffff788
r	0xffff790
r	0x190d0
r	0x190d1
r	0xffff888
r	0xffff8a0
r	0xffff8a8
r	0x190d0
w	0xffff938
r	0x190d1
w	0xffff939
r	0xffff894
r	0xffff888
w	0xffff894
w	0xffff888
r	0xffff758
w	0xffff758
r	0xffff798
r	0xffff7a0
r	0xffff787
r	0xffff888
r	0xffff8a0
r	0xffff8a8
r	0xffff894
r	0xffff787
w	0xffff93a
r	0xffff894
r	0xffff888
w	0xffff894
w	0xffff888
r	0xffff758
w	0xffff758
r	0xffff640
r	0xffff638
r	0xffff630
r	0xffff628
r	0xffff620
r	0xffff618
r	0xffff610
r	0xffff608
r	0xffff600
r	0xffff5f8
r	0xffff5f0
r	0xffff5e8
r	0xffff5e0
r	0xffff690
w	0xffff758
w	0xffff750
r	0xffff688
r	0xffff680
r	0xffff678
r	0xffff670
r	0xffff668
r	0xffff660
r	0xffff658
r	0xffff650
r	0x190d4
w	0xffff750
r	0x190d4
r	0xffff758
r	0xffff898
r	0xffff6b4
r	0xffff880
r	0xffff878
r	0xffff870
r	0xffff868
r	0xffff860
r	0xffff858
r	0xffff850
r	0xffff848
r	0xffff840
r	0xffff838
r	0xffff830
r	0xffff828
r	0xffff820
r	0xffff810
w	0xffff878
w	0xffff880
r	0x1a6a0
r	0xffff898
r	0xffff880
r	0xffff878
r	0xffff898
w	0xffff870
w	0xffff860
w	0xffff880
w	0xffff878
w	0xffff868
r	0xffff8a0
r	0xffff888
w	0xffff888
w	0xffff894
r	0xffff8c8
r	0xffff8b8
r	0x1ac48
w	0xffff848
w	0xffff840
w	0xffff850
r	0x1ac4a
w	0x1ac48
r	0xffff850
r	0xffff848
r	0xffff840
r	0xffff880
r	0xffff878
r	0xffff870
r	0xffff868
r	0xffff860
r	0xffff898
r	0xffffd50
r	0xffffd48
r	0xffffd40
r	0xffffd38
r	0xfffff40
r	0xfffff38
r	0xfffff30
r	0xfffff28
r	0xfffff20
r	0xfffff18
r	0xfffff10
r	0xfffff08
r	0xfffff00
r	0xffffef8
r	0xffffef0
r	0xffffee8
r	0xffffee0
r	0xffffed0
r	0xfffff60
r	0xfffffe4
w	0xfffffe4
r	0xfffffe4
r	0xfffffe0
r	0xfffffe4
r	0xfffffc4
r	0x1b660
w	0xfffff78
w	0xfffff80
w	0xfffff90
w	0xfffff70
w	0xfffff88
w	0xfffff98
w	0xfffffa0
r	0x1a660
w	0xfffff60
w	0xfffff50
w	0xfffff40
w	0xfffff20
w	0xfffff18
w	0xfffff00
w	0xffffd80
w	0xfffff38
w	0xfffff30
w	0xfffff28
w	0xfffff10
w	0xfffff08
w	0xffffef8
w	0xffffef0
w	0xffffee8
w	0xffffee0
w	0xffffed0
r	0x1add8
w	0xffffdb8
r	0x1b688
r	0x195d0
r	0x195d0
r	0x195d1
w	0xffffdc0
r	0x1a6a0
r	0x1ac48
r	0x1ac50
r	0x1ac4a
r	0xffffd80
r	0x1ac48
r	0x1ace4
r	0x1ac4a
r	0x1ac68
r	0x1ac78
w	0xffffd48
w	0xffff898
w	0xffffd40
w	0xffffd38
w	0xffffd50
w	0xffff934
w	0xffff89a
w	0xffff8b8
w	0xffff8c8
w	0xffff888
w	0xffff8a0
w	0xffff894
w	0xffff8a8
w	0xffff8b0
w	0xffff880
w	0xffff860
w	0xffff858
w	0xffff840
w	0xffff6c0
w	0xffff878
w	0xffff870
w	0xffff868
w	0xffff850
w	0xffff848
w	0xffff838
w	0xffff830
w	0xffff828
w	0xffff820
w	0xffff810
r	0x1add8
w	0xffff6f8
r	0x1b688
r	0x195d0
r	0x195d0
r	0x195d1
w	0xffff700
r	0x1a6a0
r	0xffff898
r	0xffff934
w	0xffff898
w	0xffff934
r	0xffff8a0
w	0xffff6c8
w	0xffff6f0
w	0xffff748
w	0xffff758
w	0xffff750
w	0xffff708
w	0xffff6d0
w	0xffff70c
w	0xffff6b4
w	0xffff710
r	0x190d0
r	0x190d1
r	0x190d2
r	0xffff758
r	0xffff750
w	0xffff788
w	0xffff790
w	0xffff758
w	0xffff750
r	0xffff6b4
w	0xffff6b4
r	0x190d2
w	0xffff727
w	0xffff6b0
r	0x190d3
r	0xffff6c8
r	0x19218
r	0xffff6c0
r	0xfffff70
w	0xffff6c0
r	0xffff727
w	0xffff787
r	0xffff710
w	0xffff6b8
r	0xffff6b8
w	0xffff6a0
w	0xffff6e4
w	0xffff6d8
w	0xffff6e0
r	0xffff6b0
r	0xffff6a0
r	0xffff758
r	0xffff6d8
r	0xffff6e0
r	0xffff6b8
r	0xffff6b8
r	0xffff750
w	0xffff798
w	0xffff7a0
w	0xffff758
w	0xffff750
r	0xffff6b0
r	0xffff6a0
r	0xffff6b4
w	0xffff6b4
r	0xffff758
r	0xffff934
w	0xffff658
w	0xffff690
w	0xffff688
w	0xffff680
w	0xffff678
w	0xffff670
w	0xffff668
w	0xffff660
w	0xffff650
r	0xffff758
r	0xffff898
w	0xffff638
w	0xffff610
w	0xffff608
w	0xffff640
w	0xffff630
w	0xffff628
w	0xffff620
w	0xffff618
w	0xffff600
w	0xffff5f8
w	0xffff5f0
w	0xffff5e8
w	0xffff5e0
r	0xffff8a0
r	0xffff748
r	0xffff788
r	0xffff790
r	0x190d0
r	0x190d1
r	0xffff888
r	0xffff8a0
r	0xffff8a8
r	0x190d0
w	0xffff938
r	0x190d1
w	0xffff939
r	0xffff894
r	0xffff888
w	0xffff894
w	0xffff888
r	0xffff758
w	0xffff758
r	0xffff798
r	0xffff7a0
r	0xffff787
r	0xffff888
r	0xffff8a0
r	0xffff8a8
r	0xffff894
r	0xffff787
w	0xffff93a
r	0xffff894
r	0xffff888
w	0xffff894
w	0xffff888
r	0xffff758
w	0xffff758
r	0xffff640
r	0xffff638
r	0xffff630
r	0xffff628
r	0xffff620
r	0xffff618
r	0xffff610
r	0xffff608
r	0xffff600
r	0xffff5f8
r	0xffff5f0
r	0xffff5e8
r	0xffff5e0
r	0xffff690
w	0xffff758
w	0xffff750
r	0xffff688
r	0xffff680
r	0xffff678
r	0xffff670
r	0xffff668
r	0xffff660
r	0xffff658
r	0xffff650
r	0x190d4
w	0xffff750
r	0x190d4
r	0xffff758
r	0xffff898
r	0xffff6b4
r	0xffff880
r	0xffff878
r	0xffff870
r	0xffff868
r	0xffff860
r	0xffff858
r	0xffff850
r	0xffff848
r	0xffff840
r	0xffff838
r	0xffff830
r	0xffff828
r	0xffff820
r	0xffff810
w	0xffff878
w	0xffff880
r	0x1a6a0
r	0xffff898
r	0xffff880
r	0xffff878
r	0xffff898
w	0xffff870
w	0xffff860
w	0xffff880
w	0xffff878
w	0xffff868
r	0xffff8a0
r	0xffff888
w	0xffff888
w	0xffff894
r	0xffff8c8
r	0xffff8b8
r	0x1ac48
w	0xffff848
w	0xffff840
w	0xffff850
r	0x1ac4a
w	0x1ac48
r	0xffff850
r	0xffff848
r	0xffff840
r	0xffff880
r	0xffff878
r	0xffff870
r	0xffff868
r	0xffff860
r	0xffff898
r	0xffffd50
r	0xffffd48
r	0xffffd40
r	0xffffd38
r	0xfffff40
r	0xfffff38
r	0xfffff30
r	0xfffff28
r	0xfffff20
r	0xfffff18
r	0xfffff10
r	0xfffff08
r	0xfffff00
r	0xffffef8
r	0xffffef0
r	0xffffee8
r	0xffffee0
r	0xffffed0
r	0xfffff60
r	0xfffffe4
w	0xfffffe4
r	0xfffffe4
r	0xfffffe0
r	0xfffffe4
r	0xfffffc8
r	0x1b660
w	0xfffff78
w	0xfffff80
w	0xfffff90
w	0xfffff70
w	0xfffff88
w	0xfffff98
w	0xfffffa0
r	0x1a660
w	0xfffff60
w	0xfffff50
w	0xfffff40
w	0xfffff20
w	0xfffff18
w	0xfffff00
w	0xffffd80
w	0xfffff38
w	0xfffff30
w	0xfffff28
w	0xfffff10
w	0xfffff08
w	0xffffef8
w	0xffffef0
w	0xffffee8
w	0xffffee0
w	0xffffed0
r	0x1add8
w	0xffffdb8
r	0x1b688
r	0x195d0
r	0x195d0
r	0x195d1
w	0xffffdc0
r	0x1a6a0
r	0x1ac48
r	0x1ac50
r	0x1ac4a
r	0xffffd80
r	0x1ac48
r	0x1ace4
r	0x1ac4a
r	0x1ac68
r	0x1ac78
w	0xffffd48
w	0xffff898
w	0xffffd40
w	0xffffd38
w	0xffffd50
w	0xffff934
w	0xffff89a
w	0xffff8b8
w	0xffff8c8
w	0xffff888
w	0xffff8a0
w	0xffff894
w	0xffff8a8
w	0xffff8b0
w	0xffff880
w	0xffff860
w	0xffff858
w	0xffff840
w	0xffff6c0
w	0xffff878
w	0xffff870
w	0xffff868
w	0xffff850
w	0xffff848
w	0xffff838
w	0xffff830
w	0xffff828
w	0xffff820
w	0xffff810
r	0x1add8
w	0xffff6f8
r	0x1b688
r	0x195d0
r	0x195d0
r	0x195d1
w	0xffff700
r	0x1a6a0
r	0xffff898
r	0xffff934
w	0xffff898
w	0xffff934
r	0xffff8a0
w	0xffff6c8
w	0xffff6f0
w	0xffff748
w	0xffff758
w	0xffff750
w	0xffff708
w	0xffff6d0
w	0xffff70c
w	0xffff6b4
w	0xffff710
r	0x190d0
r	0x190d1
r	0x190d2
r	0xffff758
r	0xffff750
w	0xffff788
w	0xffff790
w	0xffff758
w	0xffff750
r	0xffff6b4
w	0xffff6b4
r	0x190d2
w	0xffff727
w	0xffff6b0
r	0x190d3
r	0xffff6c8
r	0x19218
r	0xffff6c0
r	0xfffff70
w	0xffff6c0
r	0xffff727
w	0xffff787
r	0xffff710
w	0xffff6b8
r	0xffff6b8
w	0xffff6a0
w	0xffff6e4
w	0xffff6d8
w	0xffff6e0
r	0xffff6b0
r	0xffff6a0
r	0xffff758
r	0xffff6d8
r	0xffff6e0
r	0xffff6b8
r	0xffff6b8
r	0xffff750
w	0xffff798
w	0xffff7a0
w	0xffff758
w	0xffff750
r	0xffff6b0
r	0xffff6a0
r	0xffff6b4
w	0xffff6b4
r	0xffff758
r	0xffff934
w	0xffff658
w	0xffff690
w	0xffff688
w	0xffff680
w	0xffff678
w	0xffff670
w	0xffff668
w	0xffff660
w	0xffff650
r	0xffff758
r	0xffff898
w	0xffff638
w	0xffff610
w	0xffff608
w	0xffff640
w	0xffff630
w	0xffff628
w	0xffff620
w	0xffff618
w	0xffff600
w	0xffff5f8
w	0xffff5f0
w	0xffff5e8
w	0xffff5e0
r	0xffff8a0
r	0xffff748
r	0xffff788
r	0xffff790
r	0x190d0
r	0x190d1
r	0xffff888
r	0xffff8a0
r	0xffff8a8
r	0x190d0
w	0xffff938
r	0x190d1
w	0xffff939
r	0xffff894
r	0xffff888
w	0xffff894
w	0xffff888
r	0xffff758
w	0xffff758
r	0xffff798
r	0xffff7a0
r	0xffff787
r	0xffff888
r	0xffff8a0
r	0xffff8a8
r	0xffff894
r	0xffff787
w	0xffff93a
r	0xffff894
r	0xffff888
w	0xffff894
w	0xffff888
r	0xffff758
w	0xffff758
r	0xffff640
r	0xffff638
r	0xffff630
r	0xffff628
r	0xffff620
r	0xffff618
r	0xffff610
r	0xffff608
r	0xffff600
r	0xffff5f8
r	0xffff5f0
r	0xffff5e8
r	0xffff5e0
r	0xffff690
w	0xffff758
w	0xffff750
r	0xffff688
r	0xffff680
r	0xffff678
r	0xffff670
r	0xffff668
r	0xffff660
r	0xffff658
r	0xffff650
r	0x190d4
w	0xffff750
r	0x190d4
r	0xffff758
r	0xffff898
r	0xffff6b4
r	0xffff880
r	0xffff878
r	0xffff870
r	0xffff868
r	0xffff860
r	0xffff858
r	0xffff850
r	0xffff848
r	0xffff840
r	0xffff838
r	0xffff830
r	0xffff828
r	0xffff820
r	0xffff810
w	0xffff878
w	0xffff880
r	0x1a6a0
r	0xffff898
r	0xffff880
r	0xffff878
r	0xffff898
w	0xffff870
w	0xffff860
w	0xffff880
w	0xffff878
w	0xffff868
r	0xffff8a0
r	0xffff888
w	0xffff888
w	0xffff894
r	0xffff8c8
r	0xffff8b8
r	0x1ac48
w	0xffff848
w	0xffff840
w	0xffff850
r	0x1ac4a
w	0x1ac48
r	0xffff850
r	0xffff848
r	0xffff840
r	0xffff880
r	0xffff878
r	0xffff870
r	0xffff868
r	0xffff860
r	0xffff898
r	0xffffd50
r	0xffffd48
r	0xffffd40
r	0xffffd38
r	0xfffff40
r	0xfffff38
r	0xfffff30
r	0xfffff28
r	0xfffff20
r	0xfffff18
r	0xfffff10
r	0xfffff08
r	0xfffff00
r	0xffffef8
r	0xffffef0
r	0xffffee8
r	0xffffee0
r	0xffffed0
r	0xfffff60
r	0xfffffe4
w	0xfffffe4
r	0xfffffe4
r	0xfffffe0
r	0xfffffe4
r	0xfffffcc
r	0x1b660
w	0xfffff78
w	0xfffff80
w	0xfffff90
w	0xfffff70
w	0xfffff88
w	0xfffff98
w	0xfffffa0
r	0x1a660
w	0xfffff60
w	0xfffff50
w	0xfffff40
w	0xfffff20
w	0xfffff18
w	0xfffff00
w	0xffffd80
w	0xfffff38
w	0xfffff30
w	0xfffff28
w	0xfffff10
w	0xfffff08
w	0xffffef8
w	0xffffef0
w	0xffffee8
w	0xffffee0
w	0xffffed0
r	0x1add8
w	0xffffdb8
r	0x1b688
r	0x195d0
r	0x195d0
r	0x195d1
w	0xffffdc0
r	0x1a6a0
r	0x1ac48
r	0x1ac50
r	0x1ac4a
r	0xffffd80
r	0x1ac48
r	0x1ace4
r	0x1ac4a
r	0x1ac68
r	0x1ac78
w	0xffffd48
w	0xffff898
w	0xffffd40
w	0xffffd38
w	0xffffd50
w	0xffff934
w	0xffff89a
w	0xffff8b8
w	0xffff8c8
w	0xffff888
w	0xffff8a0
w	0xffff894
w	0xffff8a8
w	0xffff8b0
w	0xffff880
w	0xffff860
w	0xffff858
w	0xffff840
w	0xffff6c0
w	0xffff878
w	0xffff870
w	0xffff868
w	0xffff850
w	0xffff848
w	0xffff838
w	0xffff830
w	0xffff828
w	0xffff820
w	0xffff810
r	0x1add8
w	0xffff6f8
r	0x1b688
r	0x195d0
r	0x195d0
r	0x195d1
w	0xffff700
r	0x1a6a0
r	0xffff898
r	0xffff934
w	0xffff898
w	0xffff934
r	0xffff8a0
w	0xffff6c8
w	0xffff6f0
w	0xffff748
w	0xffff758
w	0xffff750
w	0xffff708
w	0xffff6d0
w	0xffff70c
w	0xffff6b4
w	0xffff710
r	0x190d0
r	0x190d1
r	0x190d2
r	0xffff758
r	0xffff750
w	0xffff788
w	0xffff790
w	0xffff758
w	0xffff750
r	0xffff6b4
w	0xffff6b4
r	0x190d2
w	0xffff727
w	0xffff6b0
r	0x190d3
r	0xffff6c8
r	0x19218
r	0xffff6c0
r	0xfffff70
w	0xffff6c0
r	0xffff727
w	0xffff787
r	0xffff710
w	0xffff6b8
r	0xffff6b8
w	0xffff6a0
w	0xffff6e4
w	0xffff6d8
w	0xffff6e0
r	0xffff6b0
r	0xffff6a0
r	0xffff758
r	0xffff6d8
r	0xffff6e0
r	0xffff6b8
r	0xffff6b8
r	0xffff750
w	0xffff798
w	0xffff7a0
w	0xffff758
w	0xffff750
r	0xffff6b0
r	0xffff6a0
r	0xffff6b4
w	0xffff6b4
r	0xffff758
r	0xffff934
w	0xffff658
w	0xffff690
w	0xffff688
w	0xffff680
w	0xffff678
w	0xffff670
w	0xffff668
w	0xffff660
w	0xffff650
r	0xffff758
r	0xffff898
w	0xffff638
w	0xffff610
w	0xffff608
w	0xffff640
w	0xffff630
w	0xffff628
w	0xffff620
w	0xffff618
w	0xffff600
w	0xffff5f8
w	0xffff5f0
w	0xffff5e8
w	0xffff5e0
r	0xffff8a0
r	0xffff748
r	0xffff788
r	0xffff790
r	0x190d0
r	0x190d1
r	0xffff888
r	0xffff8a0
r	0xffff8a8
r	0x190d0
w	0xffff938
r	0x190d1
w	0xffff939
r	0xffff894
r	0xffff888
w	0xffff894
w	0xffff888
r	0xffff758
w	0xffff758
r	0xffff798
r	0xffff7a0
r	0xffff787
r	0xffff888
r	0xffff8a0
r	0xffff8a8
r	0xffff894
r	0xffff787
w	0xffff93a
r	0xffff894
r	0xffff888
w	0xffff894
w	0xffff888
r	0xffff758
w	0xffff758
r	0xffff640
r	0xffff638
r	0xffff630
r	0xffff628
r	0xffff620
r	0xffff618
r	0xffff610
r	0xffff608
r	0xffff600
r	0xffff5f8
r	0xffff5f0
r	0xffff5e8
r	0xffff5e0
r	0xffff690
w	0xffff758
w	0xffff750
r	0xffff688
r	0xffff680
r	0xffff678
r	0xffff670
r	0xffff668
r	0xffff660
r	0xffff658
r	0xffff650
r	0x190d4
w	0xffff750
r	0x190d4
r	0xffff758
r	0xffff898
r	0xffff6b4
r	0xffff880
r	0xffff878
r	0xffff870
r	0xffff868
r	0xffff860
r	0xffff858
r	0xffff850
r	0xffff848
r	0xffff840
r	0xffff838
r	0xffff830
r	0xffff828
r	0xffff820
r	0xffff810
w	0xffff878
w	0xffff880
r	0x1a6a0
r	0xffff898
r	0xffff880
r	0xffff878
r	0xffff898
w	0xffff870
w	0xffff860
w	0xffff880
w	0xffff878
w	0xffff868
r	0xffff8a0
r	0xffff888
w	0xffff888
w	0xffff894
r	0xffff8c8
r	0xffff8b8
r	0x1ac48
w	0xffff848
w	0xffff840
w	0xffff850
r	0x1ac4a
w	0x1ac48
r	0xffff850
r	0xffff848
r	0xffff840
r	0xffff880
r	0xffff878
r	0xffff870
r	0xffff868
r	0xffff860
r	0xffff898
r	0xffffd50
r	0xffffd48
r	0xffffd40
r	0xffffd38
r	0xfffff40
r	0xfffff38
r	0xfffff30
r	0xfffff28
r	0xfffff20
r	0xfffff18
r	0xfffff10
r	0xfffff08
r	0xfffff00
r	0xffffef8
r	0xffffef0
r	0xffffee8
r	0xffffee0
r	0xffffed0
r	0xfffff60
r	0xfffffe4
w	0xfffffe4
r	0xfffffe4
r	0xfffffe0
r	0xfffffe4
r	0xfffffd0
r	0x1b660
w	0xfffff78
w	0xfffff80
w	0xfffff90
w	0xfffff70
w	0xfffff88
w	0xfffff98
w	0xfffffa0
r	0x1a660
w	0xfffff60
w	0xfffff50
w	0xfffff40
w	0xfffff20
w	0xfffff18
w	0xfffff00
w	0xffffd80
w	0xfffff38
w	0xfffff30
w	0xfffff28
w	0xfffff10
w	0xfffff08
w	0xffffef8
w	0xffffef0
w	0xffffee8
w	0xffffee0
w	0xffffed0
r	0x1add8
w	0xffffdb8
r	0x1b688
r	0x195d0
r	0x195d0
r	0x195d1
w	0xffffdc0
r	0x1a6a0
r	0x1ac48
r	0x1ac50
r	0x1ac4a
r	0xffffd80
r	0x1ac48
r	0x1ace4
r	0x1ac4a
r	0x1ac68
r	0x1ac78
w	0xffffd48
w	0xffff898
w	0xffffd40
w	0xffffd38
w	0xffffd50
w	0xffff934
w	0xffff89a
w	0xffff8b8
w	0xffff8c8
w	0xffff888
w	0xffff8a0
w	0xffff894
w	0xffff8a8
w	0xffff8b0
w	0xffff880
w	0xffff860
w	0xffff858
w	0xffff840
w	0xffff6c0
w	0xffff878
w	0xffff870
w	0xffff868
w	0xffff850
w	0xffff848
w	0xffff838
w	0xffff830
w	0xffff828
w	0xffff820
w	0xffff810
r	0x1add8
w	0xffff6f8
r	0x1b688
r	0x195d0
r	0x195d0
r	0x195d1
w	0xffff700
r	0x1a6a0
r	0xffff898
r	0xffff934
w	0xffff898
w	0xffff934
r	0xffff8a0
w	0xffff6c8
w	0xffff6f0
w	0xffff748
w	0xffff758
w	0xffff750
w	0xffff708
w	0xffff6d0
w	0xffff70c
w	0xffff6b4
w	0xffff710
r	0x190d0
r	0x190d1
r	0x190d2
r	0xffff758
r	0xffff750
w	0xffff788
w	0xffff790
w	0xffff758
w	0xffff750
r	0xffff6b4
w	0xffff6b4
r	0x190d2
w	0xffff727
w	0xffff6b0
r	0x190d3
r	0xffff6c8
r	0x19218
r	0xffff6c0
r	0xfffff70
w	0xffff6c0
r	0xffff727
w	0xffff787
r	0xffff710
w	0xffff6b8
r	0xffff6b8
w	0xffff6a0
w	0xffff6e4
w	0xffff6d8
w	0xffff6e0
r	0xffff6b0
r	0xffff6a0
r	0xffff758
r	0xffff6d8
r	0xffff6e0
r	0xffff6b8
r	0xffff6b8
r	0xffff750
w	0xffff798
w	0xffff7a0
w	0xffff758
w	0xffff750
r	0xffff6b0
r	0xffff6a0
r	0xffff6b4
w	0xffff6b4
r	0xffff758
r	0xffff934
w	0xffff658
w	0xffff690
w	0xffff688
w	0xffff680
w	0xffff678
w	0xffff670
w	0xffff668
w	0xffff660
w	0xffff650
r	0xffff758
r	0xffff898
w	0xffff638
w	0xffff610
w	0xffff608
w	0xffff640
w	0xffff630
w	0xffff628
w	0xffff620
w	0xffff618
w	0xffff600
w	0xffff5f8
w	0xffff5f0
w	0xffff5e8
w	0xffff5e0
r	0xffff8a0
r	0xffff748
r	0xffff788
r	0xffff790
r	0x190d0
r	0x190d1
r	0xffff888
r	0xffff8a0
r	0xffff8a8
r	0x190d0
w	0xffff938
r	0x190d1
w	0xffff939
r	0xffff894
r	0xffff888
w	0xffff894
w	0xffff888
r	0xffff758
w	0xffff758
r	0xffff798
r	0xffff7a0
r	0xffff787
r	0xffff888
r	0xffff8a0
r	0xffff8a8
r	0xffff894
r	0xffff787
w	0xffff93a
r	0xffff894
r	0xffff888
w	0xffff894
w	0xffff888
r	0xffff758
w	0xffff758
r	0xffff640
r	0xffff638
r	0xffff630
r	0xffff628
r	0xffff620
r	0xffff618
r	0xffff610
r	0xffff608
r	0xffff600
r	0xffff5f8
r	0xffff5f0
r	0xffff5e8
r	0xffff5e0
r	0xffff690
w	0xffff758
w	0xffff750
r	0xffff688
r	0xffff680
r	0xffff678
r	0xffff670
r	0xffff668
r	0xffff660
r	0xffff658
r	0xffff650
r	0x190d4
w	0xffff750
r	0x190d4
r	0xffff758
r	0xffff898
r	0xffff6b4
r	0xffff880
r	0xffff878
r	0xffff870
r	0xffff868
r	0xffff860
r	0xffff858
r	0xffff850
r	0xffff848
r	0xffff840
r	0xffff838
r	0xffff830
r	0xffff828
r	0xffff820
r	0xffff810
w	0xffff878
w	0xffff880
r	0x1a6a0
r	0xffff898
r	0xffff880
r	0xffff878
r	0xffff898
w	0xffff870
w	0xffff860
w	0xffff880
w	0xffff878
w	0xffff868
r	0xffff8a0
r	0xffff888
w	0xffff888
w	0xffff894
r	0xffff8c8
r	0xffff8b8
r	0x1ac48
w	0xffff848
w	0xffff840
w	0xffff850
r	0x1ac4a
w	0x1ac48
r	0xffff850
r	0xffff848
r	0xffff840
r	0xffff880
r	0xffff878
r	0xffff870
r	0xffff868
r	0xffff860
r	0xffff898
r	0xffffd50
r	0xffffd48
r	0xffffd40
r	0xffffd38
r	0xfffff40
r	0xfffff38
r	0xfffff30
r	0xfffff28
r	0xfffff20
r	0xfffff18
r	0xfffff10
r	0xfffff08
r	0xfffff00
r	0xffffef8
r	0xffffef0
r	0xffffee8
r	0xffffee0
r	0xffffed0
r	0xfffff60
r	0xfffffe4
w	0xfffffe4
r	0xfffffe4
r	0xfffffe0
r	0xfffffe4
r	0xfffffd4
r	0x1b660
w	0xfffff78
w	0xfffff80
w	0xfffff90
w	0xfffff70
w	0xfffff88
w	0xfffff98
w	0xfffffa0
r	0x1a660
w	0xfffff60
w	0xfffff50
w	0xfffff40
w	0xfffff20
w	0xfffff18
w	0xfffff00
w	0xffffd80
w	0xfffff38
w	0xfffff30
w	0xfffff28
w	0xfffff10
w	0xfffff08
w	0xffffef8
w	0xffffef0
w	0xffffee8
w	0xffffee0
w	0xffffed0
r	0x1add8
w	0xffffdb8
r	0x1b688
r	0x195d0
r	0x195d0
r	0x195d1
w	0xffffdc0
r	0x1a6a0
r	0x1ac48
r	0x1ac50
r	0x1ac4a
r	0xffffd80
r	0x1ac48
r	0x1ace4
r	0x1ac4a
r	0x1ac68
r	0x1ac78
w	0xffffd48
w	0xffff898
w	0xffffd40
w	0xffffd38
w	0xffffd50
w	0xffff934
w	0xffff89a
w	0xffff8b8
w	0xffff8c8
w	0xffff888
w	0xffff8a0
w	0xffff894
w	0xffff8a8
w	0xffff8b0
w	0xffff880
w	0xffff860
w	0xffff858
w	0xffff840
w	0xffff6c0
w	0xffff878
w	0xffff870
w	0xffff868
w	0xffff850
w	0xffff848
w	0xffff838
w	0xffff830
w	0xffff828
w	0xffff820
w	0xffff810
r	0x1add8
w	0xffff6f8
r	0x1b688
r	0x195d0
r	0x195d0
r	0x195d1
w	0xffff700
r	0x1a6a0
r	0xffff898
r	0xffff934
w	0xffff898
w	0xffff934
r	0xffff8a0
w	0xffff6c8
w	0xffff6f0
w	0xffff748
w	0xffff758
w	0xffff750
w	0xffff708
w	0xffff6d0
w	0xffff70c
w	0xffff6b4
w	0xffff710
r	0x190d0
r	0x190d1
r	0x190d2
r	0xffff758
r	0xffff750
w	0xffff788
w	0xffff790
w	0xffff758
w	0xffff750
r	0xffff6b4
w	0xffff6b4
r	0x190d2
w	0xffff727
w	0xffff6b0
r	0x190d3
r	0xffff6c8
r	0x19218
r	0xffff6c0
r	0xfffff70
w	0xffff6c0
r	0xffff727
w	0xffff787
r	0xffff710
w	0xffff6b8
r	0xffff6b8
w	0xffff6a0
w	0xffff6e4
w	0xffff6d8
w	0xffff6e0
r	0xffff6b0
r	0xffff6a0
r	0xffff758
r	0xffff6d8
r	0xffff6e0
r	0xffff6b8
r	0xffff6b8
r	0xffff750
w	0xffff798
w	0xffff7a0
w	0xffff758
w	0xffff750
r	0xffff6b0
r	0xffff6a0
r	0xffff6b4
w	0xffff6b4
r	0xffff758
r	0xffff934
w	0xffff658
w	0xffff690
w	0xffff688
w	0xffff680
w	0xffff678
w	0xffff670
w	0xffff668
w	0xffff660
w	0xffff650
r	0xffff758
r	0xffff898
w	0xffff638
w	0xffff610
w	0xffff608
w	0xffff640
w	0xffff630
w	0xffff628
w	0xffff620
w	0xffff618
w	0xffff600
w	0xffff5f8
w	0xffff5f0
w	0xffff5e8
w	0xffff5e0
r	0xffff8a0
r	0xffff748
r	0xffff788
r	0xffff790
r	0x190d0
r	0x190d1
r	0xffff888
r	0xffff8a0
r	0xffff8a8
r	0x190d0
w	0xffff938
r	0x190d1
w	0xffff939
r	0xffff894
r	0xffff888
w	0xffff894
w	0xffff888
r	0xffff758
w	0xffff758
r	0xffff798
r	0xffff7a0
r	0xffff787
r	0xffff888
r	0xffff8a0
r	0xffff8a8
r	0xffff894
r	0xffff787
w	0xffff93a
r	0xffff894
r	0xffff888
w	0xffff894
w	0xffff888
r	0xffff758
w	0xffff758
r	0xffff640
r	0xffff638
r	0xffff630
r	0xffff628
r	0xffff620
r	0xffff618
r	0xffff610
r	0xffff608
r	0xffff600
r	0xffff5f8
r	0xffff5f0
r	0xffff5e8
r	0xffff5e0
r	0xffff690
w	0xffff758
w	0xffff750
r	0xffff688
r	0xffff680
r	0xffff678
r	0xffff670
r	0xffff668
r	0xffff660
r	0xffff658
r	0xffff650
r	0x190d4
w	0xffff750
r	0x190d4
r	0xffff758
r	0xffff898
r	0xffff6b4
r	0xffff880
r	0xffff878
r	0xffff870
r	0xffff868
r	0xffff860
r	0xffff858
r	0xffff850
r	0xffff848
r	0xffff840
r	0xffff838
r	0xffff830
r	0xffff828
r	0xffff820
r	0xffff810
w	0xffff878
w	0xffff880
r	0x1a6a0
r	0xffff898
r	0xffff880
r	0xffff878
r	0xffff898
w	0xffff870
w	0xffff860
w	0xffff880
w	0xffff878
w	0xffff868
r	0xffff8a0
r	0xffff888
w	0xffff888
w	0xffff894
r	0xffff8c8
r	0xffff8b8
r	0x1ac48
w	0xffff848
w	0xffff840
w	0xffff850
r	0x1ac4a
w	0x1ac48
r	0xffff850
r	0xffff848
r	0xffff840
r	0xffff880
r	0xffff878
r	0xffff870
r	0xffff868
r	0xffff860
r	0xffff898
r	0xffffd50
r	0xffffd48
r	0xffffd40
r	0xffffd38
r	0xfffff40
r	0xfffff38
r	0xfffff30
r	0xfffff28
r	0xfffff20
r	0xfffff18
r	0xfffff10
r	0xfffff08
r	0xfffff00
r	0xffffef8
r	0xffffef0
r	0xffffee8
r	0xffffee0
r	0xffffed0
r	0xfffff60
r	0xfffffe4
w	0xfffffe4
r	0xfffffe4
r	0xfffffe0
r	0xfffffe4
r	0xfffffd8
r	0x1b660
w	0xfffff78
w	0xfffff80
w	0xfffff90
w	0xfffff70
w	0xfffff88
w	0xfffff98
w	0xfffffa0
r	0x1a660
w	0xfffff60
w	0xfffff50
w	0xfffff40
w	0xfffff20
w	0xfffff18
w	0xfffff00
w	0xffffd80
w	0xfffff38
w	0xfffff30
w	0xfffff28
w	0xfffff10
w	0xfffff08
w	0xffffef8
w	0xffffef0
w	0xffffee8
w	0xffffee0
w	0xffffed0
r	0x1add8
w	0xffffdb8
r	0x1b688
r	0x195d0
r	0x195d0
r	0x195d1
w	0xffffdc0
r	0x1a6a0
r	0x1ac48
r	0x1ac50
r	0x1ac4a
r	0xffffd80
r	0x1ac48
r	0x1ace4
r	0x1ac4a
r	0x1ac68
r	0x1ac78
w	0xffffd48
w	0xffff898
w	0xffffd40
w	0xffffd38
w	0xffffd50
w	0xffff934
w	0xffff89a
w	0xffff8b8
w	0xffff8c8
w	0xffff888
w	0xffff8a0
w	0xffff894
w	0xffff8a8
w	0xffff8b0
w	0xffff880
w	0xffff860
w	0xffff858
w	0xffff840
w	0xffff6c0
w	0xffff878
w	0xffff870
w	0xffff868
w	0xffff850
w	0xffff848
w	0xffff838
w	0xffff830
w	0xffff828
w	0xffff820
w	0xffff810
r	0x1add8
w	0xffff6f8
r	0x1b688
r	0x195d0
r	0x195d0
r	0x195d1
w	0xffff700
r	0x1a6a0
r	0xffff898
r	0xffff934
w	0xffff898
w	0xffff934
r	0xffff8a0
w	0xffff6c8
w	0xffff6f0
w	0xffff748
w	0xffff758
w	0xffff750
w	0xffff708
w	0xffff6d0
w	0xffff70c
w	0xffff6b4
w	0xffff710
r	0x190d0
r	0x190d1
r	0x190d2
r	0xffff758
r	0xffff750
w	0xffff788
w	0xffff790
w	0xffff758
w	0xffff750
r	0xffff6b4
w	0xffff6b4
r	0x190d2
w	0xffff727
w	0xffff6b0
r	0x190d3
r	0xffff6c8
r	0x19218
r	0xffff6c0
r	0xfffff70
w	0xffff6c0
r	0xffff727
w	0xffff787
r	0xffff710
w	0xffff6b8
r	0xffff6b8
w	0xffff6a0
w	0xffff6e4
w	0xffff6d8
w	0xffff6e0
r	0xffff6b0
r	0xffff6a0
r	0xffff758
r	0xffff6d8
r	0xffff6e0
r	0xffff6b8
r	0xffff6b8
r	0xffff750
w	0xffff798
w	0xffff7a0
w	0xffff758
w	0xffff750
r	0xffff6b0
r	0xffff6a0
r	0xffff6b4
w	0xffff6b4
r	0xffff758
r	0xffff934
w	0xffff658
w	0xffff690
w	0xffff688
w	0xffff680
w	0xffff678
w	0xffff670
w	0xffff668
w	0xffff660
w	0xffff650
r	0xffff758
r	0xffff898
w	0xffff638
w	0xffff610
w	0xffff608
w	0xffff640
w	0xffff630
w	0xffff628
w	0xffff620
w	0xffff618
w	0xffff600
w	0xffff5f8
w	0xffff5f0
w	0xffff5e8
w	0xffff5e0
r	0xffff8a0
r	0xffff748
r	0xffff788
r	0xffff790
r	0x190d0
r	0x190d1
r	0xffff888
r	0xffff8a0
r	0xffff8a8
r	0x190d0
w	0xffff938
r	0x190d1
w	0xffff939
r	0xffff894
r	0xffff888
w	0xffff894
w	0xffff888
r	0xffff758
w	0xffff758
r	0xffff798
r	0xffff7a0
r	0xffff787
r	0xffff888
r	0xffff8a0
r	0xffff8a8
r	0xffff894
r	0xffff787
w	0xffff93a
r	0xffff894
r	0xffff888
w	0xffff894
w	0xffff888
r	0xffff758
w	0xffff758
r	0xffff640
r	0xffff638
r	0xffff630
r	0xffff628
r	0xffff620
r	0xffff618
r	0xffff610
r	0xffff608
r	0xffff600
r	0xffff5f8
r	0xffff5f0
r	0xffff5e8
r	0xffff5e0
r	0xffff690
w	0xffff758
w	0xffff750
r	0xffff688
r	0xffff680
r	0xffff678
r	0xffff670
r	0xffff668
r	0xffff660
r	0xffff658
r	0xffff650
r	0x190d4
w	0xffff750
r	0x190d4
r	0xffff758
r	0xffff898
r	0xffff6b4
r	0xffff880
r	0xffff878
r	0xffff870
r	0xffff868
r	0xffff860
r	0xffff858
r	0xffff850
r	0xffff848
r	0xffff840
r	0xffff838
r	0xffff830
r	0xffff828
r	0xffff820
r	0xffff810
w	0xffff878
w	0xffff880
r	0x1a6a0
r	0xffff898
r	0xffff880
r	0xffff878
r	0xffff898
w	0xffff870
w	0xffff860
w	0xffff880
w	0xffff878
w	0xffff868
r	0xffff8a0
r	0xffff888
w	0xffff888
w	0xffff894
r	0xffff8c8
r	0xffff8b8
r	0x1ac48
w	0xffff848
w	0xffff840
w	0xffff850
r	0x1ac4a
w	0x1ac48
r	0xffff850
r	0xffff848
r	0xffff840
r	0xffff880
r	0xffff878
r	0xffff870
r	0xffff868
r	0xffff860
r	0xffff898
r	0xffffd50
r	0xffffd48
r	0xffffd40
r	0xffffd38
r	0xfffff40
r	0xfffff38
r	0xfffff30
r	0xfffff28
r	0xfffff20
r	0xfffff18
r	0xfffff10
r	0xfffff08
r	0xfffff00
r	0xffffef8
r	0xffffef0
r	0xffffee8
r	0xffffee0
r	0xffffed0
r	0xfffff60
r	0xfffffe4
w	0xfffffe4
r	0xfffffe4
r	0xfffffe0
r	0xfffffe4
r	0xfffffdc
r	0x1b660
w	0xfffff78
w	0xfffff80
w	0xfffff90
w	0xfffff70
w	0xfffff88
w	0xfffff98
w	0xfffffa0
r	0x1a660
w	0xfffff60
w	0xfffff50
w	0xfffff40
w	0xfffff20
w	0xfffff18
w	0xfffff00
w	0xffffd80
w	0xfffff38
w	0xfffff30
w	0xfffff28
w	0xfffff10
w	0xfffff08
w	0xffffef8
w	0xffffef0
w	0xffffee8
w	0xffffee0
w	0xffffed0
r	0x1add8
w	0xffffdb8
r	0x1b688
r	0x195d0
r	0x195d0
r	0x195d1
w	0xffffdc0
r	0x1a6a0
r	0x1ac48
r	0x1ac50
r	0x1ac4a
r	0xffffd80
r	0x1ac48
r	0x1ace4
r	0x1ac4a
r	0x1ac68
r	0x1ac78
w	0xffffd48
w	0xffff898
w	0xffffd40
w	0xffffd38
w	0xffffd50
w	0xffff934
w	0xffff89a
w	0xffff8b8
w	0xffff8c8
w	0xffff888
w	0xffff8a0
w	0xffff894
w	0xffff8a8
w	0xffff8b0
w	0xffff880
w	0xffff860
w	0xffff858
w	0xffff840
w	0xffff6c0
w	0xffff878
w	0xffff870
w	0xffff868
w	0xffff850
w	0xffff848
w	0xffff838
w	0xffff830
w	0xffff828
w	0xffff820
w	0xffff810
r	0x1add8
w	0xffff6f8
r	0x1b688
r	0x195d0
r	0x195d0
r	0x195d1
w	0xffff700
r	0x1a6a0
r	0xffff898
r	0xffff934
w	0xffff898
w	0xffff934
r	0xffff8a0
w	0xffff6c8
w	0xffff6f0
w	0xffff748
w	0xffff758
w	0xffff750
w	0xffff708
w	0xffff6d0
w	0xffff70c
w	0xffff6b4
w	0xffff710
r	0x190d0
r	0x190d1
r	0x190d2
r	0xffff758
r	0xffff750
w	0xffff788
w	0xffff790
w	0xffff758
w	0xffff750
r	0xffff6b4
w	0xffff6b4
r	0x190d2
w	0xffff727
w	0xffff6b0
r	0x190d3
r	0xffff6c8
r	0x19218
r	0xffff6c0
r	0xfffff70
w	0xffff6c0
r	0xffff727
w	0xffff787
r	0xffff710
w	0xffff6b8
r	0xffff6b8
w	0xffff6a0
w	0xffff6e4
w	0xffff6d8
w	0xffff6e0
r	0xffff6b0
r	0xffff6a0
r	0xffff758
r	0xffff6d8
r	0xffff6e0
r	0xffff6b8
r	0xffff6b8
r	0xffff750
w	0xffff798
w	0xffff7a0
w	0xffff758
w	0xffff750
r	0xffff6b0
r	0xffff6a0
r	0xffff6b4
w	0xffff6b4
r	0xffff758
r	0xffff934
w	0xffff658
w	0xffff690
w	0xffff688
w	0xffff680
w	0xffff678
w	0xffff670
w	0xffff668
w	0xffff660
w	0xffff650
r	0xffff758
r	0xffff898
w	0xffff638
w	0xffff610
w	0xffff608
w	0xffff640
w	0xffff630
w	0xffff628
w	0xffff620
w	0xffff618
w	0xffff600
w	0xffff5f8
w	0xffff5f0
w	0xffff5e8
w	0xffff5e0
r	0xffff8a0
r	0xffff748
r	0xffff788
r	0xffff790
r	0x190d0
r	0x190d1
r	0xffff888
r	0xffff8a0
r	0xffff8a8
r	0x190d0
w	0xffff938
r	0x190d1
w	0xffff939
r	0xffff894
r	0xffff888
w	0xffff894
w	0xffff888
r	0xffff758
w	0xffff758
r	0xffff798
r	0xffff7a0
r	0xffff787
r	0xffff888
r	0xffff8a0
r	0xffff8a8
r	0xffff894
r	0xffff787
w	0xffff93a
r	0xffff894
r	0xffff888
w	0xffff894
w	0xffff888
r	0xffff758
w	0xffff758
r	0xffff640
r	0xffff638
r	0xffff630
r	0xffff628
r	0xffff620
r	0xffff618
r	0xffff610
r	0xffff608
r	0xffff600
r	0xffff5f8
r	0xffff5f0
r	0xffff5e8
r	0xffff5e0
r	0xffff690
w	0xffff758
w	0xffff750
r	0xffff688
r	0xffff680
r	0xffff678
r	0xffff670
r	0xffff668
r	0xffff660
r	0xffff658
r	0xffff650
r	0x190d4
w	0xffff750
r	0x190d4
r	0xffff758
r	0xffff898
r	0xffff6b4
r	0xffff880
r	0xffff878
r	0xffff870
r	0xffff868
r	0xffff860
r	0xffff858
r	0xffff850
r	0xffff848
r	0xffff840
r	0xffff838
r	0xffff830
r	0xffff828
r	0xffff820
r	0xffff810
w	0xffff878
w	0xffff880
r	0x1a6a0
r	0xffff898
r	0xffff880
r	0xffff878
r	0xffff898
w	0xffff870
w	0xffff860
w	0xffff880
w	0xffff878
w	0xffff868
r	0xffff8a0
r	0xffff888
w	0xffff888
w	0xffff894
r	0xffff8c8
r	0xffff8b8
r	0x1ac48
w	0xffff848
w	0xffff840
w	0xffff850
r	0x1ac4a
w	0x1ac48
r	0xffff850
r	0xffff848
r	0xffff840
r	0xffff880
r	0xffff878
r	0xffff870
r	0xffff868
r	0xffff860
r	0xffff898
r	0xffffd50
r	0xffffd48
r	0xffffd40
r	0xffffd38
r	0xfffff40
r	0xfffff38
r	0xfffff30
r	0xfffff28
r	0xfffff20
r	0xfffff18
r	0xfffff10
r	0xfffff08
r	0xfffff00
r	0xffffef8
r	0xffffef0
r	0xffffee8
r	0xffffee0
r	0xffffed0
r	0xfffff60
r	0xfffffe4
w	0xfffffe4
r	0xfffffe4
r	0xfffffe0
r	0x1b660
w	0xfffff98
w	0xfffff90
w	0xfffffa0
r	0x1b688
r	0x190d8
r	0x190d8
r	0x190d9
r	0x1a660
r	0x1ac48
w	0xfffff78
w	0xfffff80
w	0xfffff50
w	0xfffff68
w	0xfffff70
w	0xfffff60
w	0xfffff58
r	0xfffff60
r	0x1ac48
w	0xfffff38
w	0xfffff10
w	0xfffff08
w	0xfffff40
w	0xfffff30
w	0xfffff28
w	0xfffff20
w	0xfffff18
w	0xfffff00
w	0xffffef8
w	0xffffef0
w	0xffffee8
w	0xffffee0
r	0x1ac50
r	0xfffff50
r	0xfffff68
r	0xfffff70
r	0x1ac78
r	0x1ac68
r	0x1ac48
w	0xffffec8
w	0xffffec0
w	0xffffed0
r	0x1ac4a
w	0x1ac48
r	0xffffed0
r	0xffffec8
r	0xffffec0
r	0xfffff60
w	0xfffff60
r	0xfffff78
r	0xfffff80
r	0x1ac78
r	0x1ac68
r	0x1ac48
w	0xffffec8
w	0xffffec0
w	0xffffed0
r	0x1ac4a
w	0x1ac48
r	0xffffed0
r	0xffffec8
r	0xffffec0
r	0xfffff60
w	0xfffff60
r	0xfffff40
r	0xfffff38
r	0xfffff30
r	0xfffff28
r	0xfffff20
r	0xfffff18
r	0xfffff10
r	0xfffff08
r	0xfffff00
r	0xffffef8
r	0xffffef0
r	0xffffee8
r	0xffffee0
r	0xfffffa0
r	0xfffff98
r	0xfffff90
r	0xfffffe0
w	0xfffffa0
w	0xfffff98
w	0xfffff70
w	0xfffff68
r	0xfffff70
r	0xfffff68
r	0xfffff70
w	0xfffff90
r	0xfffff68
w	0xfffff88
r	0xfffff90
r	0xfffffb8
w	0xfffff84
r	0xfffff90
r	0xfffff88
r	0xfffff90
r	0xfffff88
r	0xfffff88
r	0xfffffdc
r	0xfffff84
r	0xfffff90
r	0xfffff88
r	0xfffff88
r	0xfffffdc
r	0xfffff90
w	0xfffffb8
r	0xfffff90
w	0xfffff90
r	0xfffff90
r	0xfffff88
r	0xfffff90
r	0xfffffbc
r	0xfffff84
r	0xfffff90
r	0xfffff88
r	0xfffff90
r	0xfffffbc
r	0xfffff88
w	0xfffffdc
r	0xfffff88
w	0xfffff88
r	0xfffff90
r	0xfffff88
r	0xfffff90
r	0xfffff88
r	0xfffff88
r	0xfffffd8
r	0xfffff84
r	0xfffff88
w	0xfffff88
r	0xfffff90
r	0xfffff88
r	0xfffff88
r	0xfffffd4
r	0xfffff84
r	0xfffff88
w	0xfffff88
r	0xfffff90
r	0xfffff88
r	0xfffff88
r	0xfffffd0
r	0xfffff84
r	0xfffff90
r	0xfffff88
r	0xfffff88
r	0xfffffd0
r	0xfffff90
w	0xfffffbc
r	0xfffff90
w	0xfffff90
r	0xfffff90
r	0xfffff88
r	0xfffff90
r	0xfffffc0
r	0xfffff84
r	0xfffff90
w	0xfffff90
r	0xfffff90
r	0xfffff88
r	0xfffff90
r	0xfffffc4
r	0xfffff84
r	0xfffff90
r	0xfffff88
r	0xfffff90
r	0xfffffc4
r	0xfffff88
w	0xfffffd0
r	0xfffff88
w	0xfffff88
r	0xfffff90
r	0xfffff88
r	0xfffff90
r	0xfffff88
r	0xfffff88
r	0xfffffcc
r	0xfffff84
r	0xfffff88
w	0xfffff88
r	0xfffff90
r	0xfffff88
r	0xfffff88
r	0xfffffc8
r	0xfffff84
r	0xfffff88
w	0xfffff88
r	0xfffff90
r	0xfffff88
r	0xfffff90
r	0xfffff88
r	0xfffff90
r	0xfffff88
r	0xfffff90
r	0xfffff88
r	0xfffff90
r	0xfffff88
r	0xfffff90
r	0xfffff84
w	0xfffffc4
r	0xfffff90
r	0xfffff70
w	0xfffff60
w	0xfffff58
w	0xfffff30
w	0xfffff28
r	0xfffff30
r	0xfffff28
r	0xfffff30
w	0xfffff50
r	0xfffff28
w	0xfffff48
r	0xfffff50
r	0xfffffb8
w	0xfffff44
r	0xfffff50
r	0xfffff48
r	0xfffff50
r	0xfffff48
r	0xfffff48
r	0xfffffc0
r	0xfffff44
r	0xfffff50
r	0xfffff48
r	0xfffff48
r	0xfffffc0
r	0xfffff50
w	0xfffffb8
r	0xfffff50
w	0xfffff50
r	0xfffff50
r	0xfffff48
r	0xfffff50
r	0xfffffbc
r	0xfffff44
r	0xfffff50
r	0xfffff48
r	0xfffff50
r	0xfffffbc
r	0xfffff48
w	0xfffffc0
r	0xfffff48
w	0xfffff48
r	0xfffff50
r	0xfffff48
r	0xfffff50
r	0xfffff44
w	0xfffffbc
r	0xfffff50
r	0xfffff30
w	0xfffff20
w	0xfffff18
w	0xffffef0
w	0xffffee8
r	0xffffef0
r	0xffffee8
r	0xfffff20
r	0xfffff18
r	0xfffff50
r	0xfffff28
w	0xfffff20
w	0xfffff18
w	0xffffef0
w	0xffffee8
r	0xffffef0
r	0xffffee8
r	0xfffff20
r	0xfffff18
r	0xfffff60
r	0xfffff58
r	0xfffff90
r	0xfffff68
w	0xfffff60
w	0xfffff58
w	0xfffff30
w	0xfffff28
r	0xfffff30
r	0xfffff28
r	0xfffff30
w	0xfffff50
r	0xfffff28
w	0xfffff48
r	0xfffff50
r	0xfffffc8
w	0xfffff44
r	0xfffff50
r	0xfffff48
r	0xfffff50
r	0xfffff48
r	0xfffff48
r	0xfffffdc
r	0xfffff44
r	0xfffff50
r	0xfffff48
r	0xfffff48
r	0xfffffdc
r	0xfffff50
w	0xfffffc8
r	0xfffff50
w	0xfffff50
r	0xfffff50
r	0xfffff48
r	0xfffff50
r	0xfffffcc
r	0xfffff44
r	0xfffff50
w	0xfffff50
r	0xfffff50
r	0xfffff48
r	0xfffff50
r	0xfffffd0
r	0xfffff44
r	0xfffff50
w	0xfffff50
r	0xfffff50
r	0xfffff48
r	0xfffff50
r	0xfffffd4
r	0xfffff44
r	0xfffff50
r	0xfffff48
r	0xfffff50
r	0xfffffd4
r	0xfffff48
w	0xfffffdc
r	0xfffff48
w	0xfffff48
r	0xfffff50
r	0xfffff48
r	0xfffff50
r	0xfffff48
r	0xfffff48
r	0xfffffd8
r	0xfffff44
r	0xfffff48
w	0xfffff48
r	0xfffff50
r	0xfffff48
r	0xfffff50
r	0xfffff48
r	0xfffff50
r	0xfffff48
r	0xfffff50
r	0xfffff48
r	0xfffff50
r	0xfffff48
r	0xfffff50
r	0xfffff44
w	0xfffffd4
r	0xfffff50
r	0xfffff30
w	0xfffff20
w	0xfffff18
w	0xffffef0
w	0xffffee8
r	0xffffef0
r	0xffffee8
r	0xffffef0
w	0xfffff10
r	0xffffee8
w	0xfffff08
r	0xfffff10
r	0xfffffc8
w	0xfffff04
r	0xfffff10
r	0xfffff08
r	0xfffff10
r	0xfffff08
r	0xfffff08
r	0xfffffd0
r	0xfffff04
r	0xfffff10
r	0xfffff08
r	0xfffff08
r	0xfffffd0
r	0xfffff10
w	0xfffffc8
r	0xfffff10
w	0xfffff10
r	0xfffff10
r	0xfffff08
r	0xfffff10
r	0xfffffcc
r	0xfffff04
r	0xfffff10
w	0xfffff10
r	0xfffff10
r	0xfffff08
r	0xfffff10
r	0xfffff08
r	0xfffff10
r	0xfffff08
r	0xfffff10
r	0xfffff04
w	0xfffffd0
r	0xfffff10
r	0xffffef0
w	0xffffee0
w	0xffffed8
w	0xffffeb0
w	0xffffea8
r	0xffffeb0
r	0xffffea8
r	0xffffeb0
w	0xffffed0
r	0xffffea8
w	0xffffec8
r	0xffffed0
r	0xfffffc8
w	0xffffec4
r	0xffffed0
r	0xffffec8
r	0xffffed0
r	0xffffec8
r	0xffffec8
r	0xfffffcc
r	0xffffec4
r	0xffffec8
w	0xffffec8
r	0xffffed0
r	0xffffec8
r	0xffffed0
r	0xffffec8
r	0xffffed0
r	0xffffec8
r	0xffffed0
r	0xffffec8
r	0xffffed0
r	0xffffec8
r	0xffffed0
r	0xffffec4
w	0xfffffc8
r	0xffffed0
r	0xffffeb0
w	0xffffea0
w	0xffffe98
w	0xffffe70
w	0xffffe68
r	0xffffe70
r	0xffffe68
r	0xffffea0
r	0xffffe98
r	0xffffed0
r	0xffffea8
w	0xffffea0
w	0xffffe98
w	0xffffe70
w	0xffffe68
r	0xffffe70
r	0xffffe68
r	0xffffea0
r	0xffffe98
r	0xffffee0
r	0xffffed8
r	0xfffff10
r	0xffffee8
w	0xffffee0
w	0xffffed8
w	0xffffeb0
w	0xffffea8
r	0xffffeb0
r	0xffffea8
r	0xffffee0
r	0xffffed8
r	0xfffff20
r	0xfffff18
r	0xfffff50
r	0xfffff28
w	0xfffff20
w	0xfffff18
w	0xffffef0
w	0xffffee8
r	0xffffef0
r	0xffffee8
r	0xffffef0
w	0xfffff10
r	0xffffee8
w	0xfffff08
r	0xfffff10
r	0xfffffd8
w	0xfffff04
r	0xfffff10
r	0xfffff08
r	0xfffff10
r	0xfffff08
r	0xfffff08
r	0xfffffdc
r	0xfffff04
r	0xfffff10
r	0xfffff08
r	0xfffff08
r	0xfffffdc
r	0xfffff10
w	0xfffffd8
r	0xfffff10
w	0xfffff10
r	0xfffff10
r	0xfffff08
r	0xfffff10
r	0xfffff08
r	0xfffff10
r	0xfffff08
r	0xfffff10
r	0xfffff04
w	0xfffffdc
r	0xfffff10
r	0xffffef0
w	0xffffee0
w	0xffffed8
w	0xffffeb0
w	0xffffea8
r	0xffffeb0
r	0xffffea8
r	0xffffee0
r	0xffffed8
r	0xfffff10
r	0xffffee8
w	0xffffee0
w	0xffffed8
w	0xffffeb0
w	0xffffea8
r	0xffffeb0
r	0xffffea8
r	0xffffee0
r	0xffffed8
r	0xfffff20
r	0xfffff18
r	0xfffff60
r	0xfffff58
r	0xfffffa0
r	0xfffff98
r	0xfffffb8
r	0x1b660
w	0xfffff78
w	0xfffff80
w	0xfffff90
w	0xfffff70
w	0xfffff88
w	0xfffff98
w	0xfffffa0
r	0x1a660
w	0xfffff60
w	0xfffff50
w	0xfffff40
w	0xfffff20
w	0xfffff18
w	0xfffff00
w	0xffffd80
w	0xfffff38
w	0xfffff30
w	0xfffff28
w	0xfffff10
w	0xfffff08
w	0xffffef8
w	0xffffef0
w	0xffffee8
w	0xffffee0
w	0xffffed0
r	0x1add8
w	0xffffdb8
r	0x1b688
r	0x195d0
r	0x195d0
r	0x195d1
w	0xffffdc0
r	0x1a6a0
r	0x1ac48
r	0x1ac50
r	0x1ac4a
r	0xffffd80
r	0x1ac48
r	0x1ace4
r	0x1ac4a
r	0x1ac68
r	0x1ac78
w	0xffffd48
w	0xffff898
w	0xffffd40
w	0xffffd38
w	0xffffd50
w	0xffff934
w	0xffff89a
w	0xffff8b8
w	0xffff8c8
w	0xffff888
w	0xffff8a0
w	0xffff894
w	0xffff8a8
w	0xffff8b0
w	0xffff880
w	0xffff860
w	0xffff858
w	0xffff840
w	0xffff6c0
w	0xffff878
w	0xffff870
w	0xffff868
w	0xffff850
w	0xffff848
w	0xffff838
w	0xffff830
w	0xffff828
w	0xffff820
w	0xffff810
r	0x1add8
w	0xffff6f8
r	0x1b688
r	0x195d0
r	0x195d0
r	0x195d1
w	0xffff700
r	0x1a6a0
r	0xffff898
r	0xffff934
w	0xffff898
w	0xffff934
r	0xffff8a0
w	0xffff6c8
w	0xffff6f0
w	0xffff748
w	0xffff758
w	0xffff750
w	0xffff708
w	0xffff6d0
w	0xffff70c
w	0xffff6b4
w	0xffff710
r	0x190c0
r	0x190c1
r	0x190c2
r	0x190c3
r	0x190c4
r	0x190c5
r	0x190c6
r	0x190c7
r	0xffff758
r	0xffff750
w	0xffff788
w	0xffff790
w	0xffff758
w	0xffff750
r	0xffff6b4
w	0xffff6b4
r	0x190c7
w	0xffff727
w	0xffff6b0
r	0x190c8
r	0xffff6c8
r	0x19218
r	0xffff6c0
r	0xfffff70
w	0xffff6c0
r	0xffff727
w	0xffff787
r	0xffff710
w	0xffff6b8
r	0xffff6b8
w	0xffff6a0
w	0xffff6e4
w	0xffff6d8
w	0xffff6e0
r	0xffff6b0
r	0xffff6a0
r	0xffff758
r	0xffff6d8
r	0xffff6e0
r	0xffff6b8
r	0xffff6b8
r	0xffff750
w	0xffff798
w	0xffff7a0
w	0xffff758
w	0xffff750
r	0xffff6b0
r	0xffff6a0
r	0xffff6b4
w	0xffff6b4
r	0xffff758
r	0xffff934
w	0xffff658
w	0xffff690
w	0xffff688
w	0xffff680
w	0xffff678
w	0xffff670
w	0xffff668
w	0xffff660
w	0xffff650
r	0xffff758
r	0xffff898
w	0xffff638
w	0xffff610
w	0xffff608
w	0xffff640
w	0xffff630
w	0xffff628
w	0xffff620
w	0xffff618
w	0xffff600
w	0xffff5f8
w	0xffff5f0
w	0xffff5e8
w	0xffff5e0
r	0xffff8a0
r	0xffff748
r	0xffff788
r	0xffff790
r	0x190c0
r	0x190c1
r	0x190c2
r	0x190c3
r	0x190c4
r	0x190c5
r	0x190c6
r	0xffff888
r	0xffff8a0
r	0xffff8a8
r	0x190c0
w	0xffff938
r	0x190c1
w	0xffff939
r	0x190c2
w	0xffff93a
r	0x190c3
w	0xffff93b
r	0x190c4
w	0xffff93c
r	0x190c5
w	0xffff93d
r	0x190c6
w	0xffff93e
r	0xffff894
r	0xffff888
w	0xffff894
w	0xffff888
r	0xffff758
w	0xffff758
r	0xffff798
r	0xffff7a0
r	0xffff787
r	0xffff888
r	0xffff8a0
r	0xffff8a8
r	0xffff894
r	0xffff787
w	0xffff93f
r	0xffff894
r	0xffff888
w	0xffff894
w	0xffff888
r	0xffff758
w	0xffff758
r	0xffff640
r	0xffff638
r	0xffff630
r	0xffff628
r	0xffff620
r	0xffff618
r	0xffff610
r	0xffff608
r	0xffff600
r	0xffff5f8
r	0xffff5f0
r	0xffff5e8
r	0xffff5e0
r	0xffff690
w	0xffff758
w	0xffff750
r	0xffff688
r	0xffff680
r	0xffff678
r	0xffff670
r	0xffff668
r	0xffff660
r	0xffff658
r	0xffff650
r	0x190c9
w	0xffff750
r	0x190c9
r	0xffff758
r	0xffff898
r	0xffff6b4
r	0xffff880
r	0xffff878
r	0xffff870
r	0xffff868
r	0xffff860
r	0xffff858
r	0xffff850
r	0xffff848
r	0xffff840
r	0xffff838
r	0xffff830
r	0xffff828
r	0xffff820
r	0xffff810
w	0xffff878
w	0xffff880
r	0x1a6a0
r	0xffff898
r	0xffff880
r	0xffff878
r	0xffff898
w	0xffff870
w	0xffff860
w	0xffff880
w	0xffff878
w	0xffff868
r	0xffff8a0
r	0xffff888
w	0xffff888
w	0xffff894
r	0xffff8c8
r	0xffff8b8
r	0x1ac48
w	0xffff848
w	0xffff840
w	0xffff850
r	0x1ac4a
w	0x1ac48
r	0xffff850
r	0xffff848
r	0xffff840
r	0xffff880
r	0xffff878
r	0xffff870
r	0xffff868
r	0xffff860
r	0xffff898
r	0xffffd50
r	0xffffd48
r	0xffffd40
r	0xffffd38
r	0xfffff40
r	0xfffff38
r	0xfffff30
r	0xfffff28
r	0xfffff20
r	0xfffff18
r	0xfffff10
r	0xfffff08
r	0xfffff00
r	0xffffef8
r	0xffffef0
r	0xffffee8
r	0xffffee0
r	0xffffed0
r	0xfffff60
w	0xfffffe4
r	0xfffffe4
r	0xfffffe0
r	0xfffffe4
r	0xfffffbc
r	0x1b660
w	0xfffff78
w	0xfffff80
w	0xfffff90
w	0xfffff70
w	0xfffff88
w	0xfffff98
w	0xfffffa0
r	0x1a660
w	0xfffff60
w	0xfffff50
w	0xfffff40
w	0xfffff20
w	0xfffff18
w	0xfffff00
w	0xffffd80
w	0xfffff38
w	0xfffff30
w	0xfffff28
w	0xfffff10
w	0xfffff08
w	0xffffef8
w	0xffffef0
w	0xffffee8
w	0xffffee0
w	0xffffed0
r	0x1add8
w	0xffffdb8
r	0x1b688
r	0x195d0
r	0x195d0
r	0x195d1
w	0xffffdc0
r	0x1a6a0
r	0x1ac48
r	0x1ac50
r	0x1ac4a
r	0xffffd80
r	0x1ac48
r	0x1ace4
r	0x1ac4a
r	0x1ac68
r	0x1ac78
w	0xffffd48
w	0xffff898
w	0xffffd40
w	0xffffd38
w	0xffffd50
w	0xffff934
w	0xffff89a
w	0xffff8b8
w	0xffff8c8
w	0xffff888
w	0xffff8a0
w	0xffff894
w	0xffff8a8
w	0xffff8b0
w	0xffff880
w	0xffff860
w	0xffff858
w	0xffff840
w	0xffff6c0
w	0xffff878
w	0xffff870
w	0xffff868
w	0xffff850
w	0xffff848
w	0xffff838
w	0xffff830
w	0xffff828
w	0xffff820
w	0xffff810
r	0x1add8
w	0xffff6f8
r	0x1b688
r	0x195d0
r	0x195d0
r	0x195d1
w	0xffff700
r	0x1a6a0
r	0xffff898
r	0xffff934
w	0xffff898
w	0xffff934
r	0xffff8a0
w	0xffff6c8
w	0xffff6f0
w	0xffff748
w	0xffff758
w	0xffff750
w	0xffff708
w	0xffff6d0
w	0xffff70c
w	0xffff6b4
w	0xffff710
r	0x190d0
r	0x190d1
r	0x190d2
r	0xffff758
r	0xffff750
w	0xffff788
w	0xffff790
w	0xffff758
w	0xffff750
r	0xffff6b4
w	0xffff6b4
r	0x190d2
w	0xffff727
w	0xffff6b0
r	0x190d3
r	0xffff6c8
r	0x19218
r	0xffff6c0
r	0xfffff70
w	0xffff6c0
r	0xffff727
w	0xffff787
r	0xffff710
w	0xffff6b8
r	0xffff6b8
w	0xffff6a0
w	0xffff6e4
w	0xffff6d8
w	0xffff6e0
r	0xffff6b0
r	0xffff6a0
r	0xffff758
r	0xffff6d8
r	0xffff6e0
r	0xffff6b8
r	0xffff6b8
r	0xffff750
w	0xffff798
w	0xffff7a0
w	0xffff758
w	0xffff750
r	0xffff6b0
r	0xffff6a0
r	0xffff6b4
w	0xffff6b4
r	0xffff758
r	0xffff934
w	0xffff658
w	0xffff690
w	0xffff688
w	0xffff680
w	0xffff678
w	0xffff670
w	0xffff668
w	0xffff660
w	0xffff650
r	0xffff758
r	0xffff898
w	0xffff638
w	0xffff610
w	0xffff608
w	0xffff640
w	0xffff630
w	0xffff628
w	0xffff620
w	0xffff618
w	0xffff600
w	0xffff5f8
w	0xffff5f0
w	0xffff5e8
w	0xffff5e0
r	0xffff8a0
r	0xffff748
r	0xffff788
r	0xffff790
r	0x190d0
r	0x190d1
r	0xffff888
r	0xffff8a0
r	0xffff8a8
r	0x190d0
w	0xffff938
r	0x190d1
w	0xffff939
r	0xffff894
r	0xffff888
w	0xffff894
w	0xffff888
r	0xffff758
w	0xffff758
r	0xffff798
r	0xffff7a0
r	0xffff787
r	0xffff888
r	0xffff8a0
r	0xffff8a8
r	0xffff894
r	0xffff787
w	0xffff93a
r	0xffff894
r	0xffff888
w	0xffff894
w	0xffff888
r	0xffff758
w	0xffff758
r	0xffff640
r	0xffff638
r	0xffff630
r	0xffff628
r	0xffff620
r	0xffff618
r	0xffff610
r	0xffff608
r	0xffff600
r	0xffff5f8
r	0xffff5f0
r	0xffff5e8
r	0xffff5e0
r	0xffff690
w	0xffff758
w	0xffff750
r	0xffff688
r	0xffff680
r	0xffff678
r	0xffff670
r	0xffff668
r	0xffff660
r	0xffff658
r	0xffff650
r	0x190d4
w	0xffff750
r	0x190d4
r	0xffff758
r	0xffff898
r	0xffff6b4
r	0xffff880
r	0xffff878
r	0xffff870
r	0xffff868
r	0xffff860
r	0xffff858
r	0xffff850
r	0xffff848
r	0xffff840
r	0xffff838
r	0xffff830
r	0xffff828
r	0xffff820
r	0xffff810
w	0xffff878
w	0xffff880
r	0x1a6a0
r	0xffff898
r	0xffff880
r	0xffff878
r	0xffff898
w	0xffff870
w	0xffff860
w	0xffff880
w	0xffff878
w	0xffff868
r	0xffff8a0
r	0xffff888
w	0xffff888
w	0xffff894
r	0xffff8c8
r	0xffff8b8
r	0x1ac48
w	0xffff848
w	0xffff840
w	0xffff850
r	0x1ac4a
w	0x1ac48
r	0xffff850
r	0xffff848
r	0xffff840
r	0xffff880
r	0xffff878
r	0xffff870
r	0xffff868
r	0xffff860
r	0xffff898
r	0xffffd50
r	0xffffd48
r	0xffffd40
r	0xffffd38
r	0xfffff40
r	0xfffff38
r	0xfffff30
r	0xfffff28
r	0xfffff20
r	0xfffff18
r	0xfffff10
r	0xfffff08
r	0xfffff00
r	0xffffef8
r	0xffffef0
r	0xffffee8
r	0xffffee0
r	0xffffed0
r	0xfffff60
r	0xfffffe4
w	0xfffffe4
r	0xfffffe4
r	0xfffffe0
r	0xfffffe4
r	0xfffffc0
r	0x1b660
w	0xfffff78
w	0xfffff80
w	0xfffff90
w	0xfffff70
w	0xfffff88
w	0xfffff98
w	0xfffffa0
r	0x1a660
w	0xfffff60
w	0xfffff50
w	0xfffff40
w	0xfffff20
w	0xfffff18
w	0xfffff00
w	0xffffd80
w	0xfffff38
w	0xfffff30
w	0xfffff28
w	0xfffff10
w	0xfffff08
w	0xffffef8
w	0xffffef0
w	0xffffee8
w	0xffffee0
w	0xffffed0
r	0x1add8
w	0xffffdb8
r	0x1b688
r	0x195d0
r	0x195d0
r	0x195d1
w	0xffffdc0
r	0x1a6a0
r	0x1ac48
r	0x1ac50
r	0x1ac4a
r	0xffffd80
r	0x1ac48
r	0x1ace4
r	0x1ac4a
r	0x1ac68
r	0x1ac78
w	0xffffd48
w	0xffff898
w	0xffffd40
w	0xffffd38
w	0xffffd50
w	0xffff934
w	0xffff89a
w	0xffff8b8
w	0xffff8c8
w	0xffff888
w	0xffff8a0
w	0xffff894
w	0xffff8a8
w	0xffff8b0
w	0xffff880
w	0xffff860
w	0xffff858
w	0xffff840
w	0xffff6c0
w	0xffff878
w	0xffff870
w	0xffff868
w	0xffff850
w	0xffff848
w	0xffff838
w	0xffff830
w	0xffff828
w	0xffff820
w	0xffff810
r	0x1add8
w	0xffff6f8
r	0x1b688
r	0x195d0
r	0x195d0
r	0x195d1
w	0xffff700
r	0x1a6a0
r	0xffff898
r	0xffff934
w	0xffff898
w	0xffff934
r	0xffff8a0
w	0xffff6c8
w	0xffff6f0
w	0xffff748
w	0xffff758
w	0xffff750
w	0xffff708
w	0xffff6d0
w	0xffff70c
w	0xffff6b4
w	0xffff710
r	0x190d0
r	0x190d1
r	0x190d2
r	0xffff758
r	0xffff750
w	0xffff788
w	0xffff790
w	0xffff758
w	0xffff750
r	0xffff6b4
w	0xffff6b4
r	0x190d2
w	0xffff727
w	0xffff6b0
r	0x190d3
r	0xffff6c8
r	0x19218
r	0xffff6c0
r	0xfffff70
w	0xffff6c0
r	0xffff727
w	0xffff787
r	0xffff710
w	0xffff6b8
r	0xffff6b8
w	0xffff6a0
w	0xffff6e4
w	0xffff6d8
w	0xffff6e0
r	0xffff6b0
r	0xffff6a0
r	0xffff758
r	0xffff6d8
r	0xffff6e0
r	0xffff6b8
r	0xffff6b8
r	0xffff750
w	0xffff798
w	0xffff7a0
w	0xffff758
w	0xffff750
r	0xffff6b0
r	0xffff6a0
r	0xffff6b4
w	0xffff6b4
r	0xffff758
r	0xffff934
w	0xffff658
w	0xffff690
w	0xffff688
w	0xffff680
w	0xffff678
w	0xffff670
w	0xffff668
w	0xffff660
w	0xffff650
r	0xffff758
r	0xffff898
w	0xffff638
w	0xffff610
w	0xffff608
w	0xffff640
w	0xffff630
w	0xffff628
w	0xffff620
w	0xffff618
w	0xffff600
w	0xffff5f8
w	0xffff5f0
w	0xffff5e8
w	0xffff5e0
r	0xffff8a0
r	0xffff748
r	0xffff788
r	0xffff790
r	0x190d0
r	0x190d1
r	0xffff888
r	0xffff8a0
r	0xffff8a8
r	0x190d0
w	0xffff938
r	0x190d1
w	0xffff939
r	0xffff894
r	0xffff888
w	0xffff894
w	0xffff888
r	0xffff758
w	0xffff758
r	0xffff798
r	0xffff7a0
r	0xffff787
r	0xffff888
r	0xffff8a0
r	0xffff8a8
r	0xffff894
r	0xffff787
w	0xffff93a
r	0xffff894
r	0xffff888
w	0xffff894
w	0xffff888
r	0xffff758
w	0xffff758
r	0xffff640
r	0xffff638
r	0xffff630
r	0xffff628
r	0xffff620
r	0xffff618
r	0xffff610
r	0xffff608
r	0xffff600
r	0xffff5f8
r	0xffff5f0
r	0xffff5e8
r	0xffff5e0
r	0xffff690
w	0xffff758
w	0xffff750
r	0xffff688
r	0xffff680
r	0xffff678
r	0xffff670
r	0xffff668
r	0xffff660
r	0xffff658
r	0xffff650
r	0x190d4
w	0xffff750
r	0x190d4
r	0xffff758
r	0xffff898
r	0xffff6b4
r	0xffff880
r	0xffff878
r	0xffff870
r	0xffff868
r	0xffff860
r	0xffff858
r	0xffff850
r	0xffff848
r	0xffff840
r	0xffff838
r	0xffff830
r	0xffff828
r	0xffff820
r	0xffff810
w	0xffff878
w	0xffff880
r	0x1a6a0
r	0xffff898
r	0xffff880
r	0xffff878
r	0xffff898
w	0xffff870
w	0xffff860
w	0xffff880
w	0xffff878
w	0xffff868
r	0xffff8a0
r	0xffff888
w	0xffff888
w	0xffff894
r	0xffff8c8
r	0xffff8b8
r	0x1ac48
w	0xffff848
w	0xffff840
w	0xffff850
r	0x1ac4a
w	0x1ac48
r	0xffff850
r	0xffff848
r	0xffff840
r	0xffff880
r	0xffff878
r	0xffff870
r	0xffff868
r	0xffff860
r	0xffff898
r	0xffffd50
r	0xffffd48
r	0xffffd40
r	0xffffd38
r	0xfffff40
r	0xfffff38
r	0xfffff30
r	0xfffff28
r	0xfffff20
r	0xfffff18
r	0xfffff10
r	0xfffff08
r	0xfffff00
r	0xffffef8
r	0xffffef0
r	0xffffee8
r	0xffffee0
r	0xffffed0
r	0xfffff60
r	0xfffffe4
w	0xfffffe4
r	0xfffffe4
r	0xfffffe0
r	0xfffffe4
r	0xfffffc4
r	0x1b660
w	0xfffff78
w	0xfffff80
w	0xfffff90
w	0xfffff70
w	0xfffff88
w	0xfffff98
w	0xfffffa0
r	0x1a660
w	0xfffff60
w	0xfffff50
w	0xfffff40
w	0xfffff20
w	0xfffff18
w	0xfffff00
w	0xffffd80
w	0xfffff38
w	0xfffff30
w	0xfffff28
w	0xfffff10
w	0xfffff08
w	0xffffef8
w	0xffffef0
w	0xffffee8
w	0xffffee0
w	0xffffed0
r	0x1add8
w	0xffffdb8
r	0x1b688
r	0x195d0
r	0x195d0
r	0x195d1
w	0xffffdc0
r	0x1a6a0
r	0x1ac48
r	0x1ac50
r	0x1ac4a
r	0xffffd80
r	0x1ac48
r	0x1ace4
r	0x1ac4a
r	0x1ac68
r	0x1ac78
w	0xffffd48
w	0xffff898
w	0xffffd40
w	0xffffd38
w	0xffffd50
w	0xffff934
w	0xffff89a
w	0xffff8b8
w	0xffff8c8
w	0xffff888
w	0xffff8a0
w	0xffff894
w	0xffff8a8
w	0xffff8b0
w	0xffff880
w	0xffff860
w	0xffff858
w	0xffff840
w	0xffff6c0
w	0xffff878
w	0xffff870
w	0xffff868
w	0xffff850
w	0xffff848
w	0xffff838
w	0xffff830
w	0xffff828
w	0xffff820
w	0xffff810
r	0x1add8
w	0xffff6f8
r	0x1b688
r	0x195d0
r	0x195d0
r	0x195d1
w	0xffff700
r	0x1a6a0
r	0xffff898
r	0xffff934
w	0xffff898
w	0xffff934
r	0xffff8a0
w	0xffff6c8
w	0xffff6f0
w	0xffff748
w	0xffff758
w	0xffff750
w	0xffff708
w	0xffff6d0
w	0xffff70c
w	0xffff6b4
w	0xffff710
r	0x190d0
r	0x190d1
r	0x190d2
r	0xffff758
r	0xffff750
w	0xffff788
w	0xffff790
w	0xffff758
w	0xffff750
r	0xffff6b4
w	0xffff6b4
r	0x190d2
w	0xffff727
w	0xffff6b0
r	0x190d3
r	0xffff6c8
r	0x19218
r	0xffff6c0
r	0xfffff70
w	0xffff6c0
r	0xffff727
w	0xffff787
r	0xffff710
w	0xffff6b8
r	0xffff6b8
w	0xffff6a0
w	0xffff6e4
w	0xffff6d8
w	0xffff6e0
r	0xffff6b0
r	0xffff6a0
r	0xffff758
r	0xffff6d8
r	0xffff6e0
r	0xffff6b8
r	0xffff6b8
r	0xffff750
w	0xffff798
w	0xffff7a0
w	0xffff758
w	0xffff750
r	0xffff6b0
r	0xffff6a0
r	0xffff6b4
w	0xffff6b4
r	0xffff758
r	0xffff934
w	0xffff658
w	0xffff690
w	0xffff688
w	0xffff680
w	0xffff678
w	0xffff670
w	0xffff668
w	0xffff660
w	0xffff650
r	0xffff758
r	0xffff898
w	0xffff638
w	0xffff610
w	0xffff608
w	0xffff640
w	0xffff630
w	0xffff628
w	0xffff620
w	0xffff618
w	0xffff600
w	0xffff5f8
w	0xffff5f0
w	0xffff5e8
w	0xffff5e0
r	0xffff8a0
r	0xffff748
r	0xffff788
r	0xffff790
r	0x190d0
r	0x190d1
r	0xffff888
r	0xffff8a0
r	0xffff8a8
r	0x190d0
w	0xffff938
r	0x190d1
w	0xffff939
r	0xffff894
r	0xffff888
w	0xffff894
w	0xffff888
r	0xffff758
w	0xffff758
r	0xffff798
r	0xffff7a0
r	0xffff787
r	0xffff888
r	0xffff8a0
r	0xffff8a8
r	0xffff894
r	0xffff787
w	0xffff93a
r	0xffff894
r	0xffff888
w	0xffff894
w	0xffff888
r	0xffff758
w	0xffff758
r	0xffff640
r	0xffff638
r	0xffff630
r	0xffff628
r	0xffff620
r	0xffff618
r	0xffff610
r	0xffff608
r	0xffff600
r	0xffff5f8
r	0xffff5f0
r	0xffff5e8
r	0xffff5e0
r	0xffff690
w	0xffff758
w	0xffff750
r	0xffff688
r	0xffff680
r	0xffff678
r	0xffff670
r	0xffff668
r	0xffff660
r	0xffff658
r	0xffff650
r	0x190d4
w	0xffff750
r	0x190d4
r	0xffff758
r	0xffff898
r	0xffff6b4
r	0xffff880
r	0xffff878
r	0xffff870
r	0xffff868
r	0xffff860
r	0xffff858
r	0xffff850
r	0xffff848
r	0xffff840
r	0xffff838
r	0xffff830
r	0xffff828
r	0xffff820
r	0xffff810
w	0xffff878
w	0xffff880
r	0x1a6a0
r	0xffff898
r	0xffff880
r	0xffff878
r	0xffff898
w	0xffff870
w	0xffff860
w	0xffff880
w	0xffff878
w	0xffff868
r	0xffff8a0
r	0xffff888
w	0xffff888
w	0xffff894
r	0xffff8c8
r	0xffff8b8
r	0x1ac48
w	0xffff848
w	0xffff840
w	0xffff850
r	0x1ac4a
w	0x1ac48
r	0xffff850
r	0xffff848
r	0xffff840
r	0xffff880
r	0xffff878
r	0xffff870
r	0xffff868
r	0xffff860
r	0xffff898
r	0xffffd50
r	0xffffd48
r	0xffffd40
r	0xffffd38
r	0xfffff40
r	0xfffff38
r	0xfffff30
r	0xfffff28
r	0xfffff20
r	0xfffff18
r	0xfffff10
r	0xfffff08
r	0xfffff00
r	0xffffef8
r	0xffffef0
r	0xffffee8
r	0xffffee0
r	0xffffed0
r	0xfffff60
r	0xfffffe4
w	0xfffffe4
r	0xfffffe4
r	0xfffffe0
r	0xfffffe4
r	0xfffffc8
r	0x1b660
w	0xfffff78
w	0xfffff80
w	0xfffff90
w	0xfffff70
w	0xfffff88
w	0xfffff98
w	0xfffffa0
r	0x1a660
w	0xfffff60
w	0xfffff50
w	0xfffff40
w	0xfffff20
w	0xfffff18
w	0xfffff00
w	0xffffd80
w	0xfffff38
w	0xfffff30
w	0xfffff28
w	0xfffff10
w	0xfffff08
w	0xffffef8
w	0xffffef0
w	0xffffee8
w	0xffffee0
w	0xffffed0
r	0x1add8
w	0xffffdb8
r	0x1b688
r	0x195d0
r	0x195d0
r	0x195d1
w	0xffffdc0
r	0x1a6a0
r	0x1ac48
r	0x1ac50
r	0x1ac4a
r	0xffffd80
r	0x1ac48
r	0x1ace4
r	0x1ac4a
r	0x1ac68
r	0x1ac78
w	0xffffd48
w	0xffff898
w	0xffffd40
w	0xffffd38
w	0xffffd50
w	0xffff934
w	0xffff89a
w	0xffff8b8
w	0xffff8c8
w	0xffff888
w	0xffff8a0
w	0xffff894
w	0xffff8a8
w	0xffff8b0
w	0xffff880
w	0xffff860
w	0xffff858
w	0xffff840
w	0xffff6c0
w	0xffff878
w	0xffff870
w	0xffff868
w	0xffff850
w	0xffff848
w	0xffff838
w	0xffff830
w	0xffff828
w	0xffff820
w	0xffff810
r	0x1add8
w	0xffff6f8
r	0x1b688
r	0x195d0
r	0x195d0
r	0x195d1
w	0xffff700
r	0x1a6a0
r	0xffff898
r	0xffff934
w	0xffff898
w	0xffff934
r	0xffff8a0
w	0xffff6c8
w	0xffff6f0
w	0xffff748
w	0xffff758
w	0xffff750
w	0xffff708
w	0xffff6d0
w	0xffff70c
w	0xffff6b4
w	0xffff710
r	0x190d0
r	0x190d1
r	0x190d2
r	0xffff758
r	0xffff750
w	0xffff788
w	0xffff790
w	0xffff758
w	0xffff750
r	0xffff6b4
w	0xffff6b4
r	0x190d2
w	0xffff727
w	0xffff6b0
r	0x190d3
r	0xffff6c8
r	0x19218
r	0xffff6c0
r	0xfffff70
w	0xffff6c0
r	0xffff727
w	0xffff787
r	0xffff710
w	0xffff6b8
r	0xffff6b8
w	0xffff6a0
w	0xffff6e4
w	0xffff6d8
w	0xffff6e0
r	0xffff6b0
r	0xffff6a0
r	0xffff758
r	0xffff6d8
r	0xffff6e0
r	0xffff6b8
r	0xffff6b8
r	0xffff750
w	0xffff798
w	0xffff7a0
w	0xffff758
w	0xffff750
r	0xffff6b0
r	0xffff6a0
r	0xffff6b4
w	0xffff6b4
r	0xffff758
r	0xffff934
w	0xffff658
w	0xffff690
w	0xffff688
w	0xffff680
w	0xffff678
w	0xffff670
w	0xffff668
w	0xffff660
w	0xffff650
r	0xffff758
r	0xffff898
w	0xffff638
w	0xffff610
w	0xffff608
w	0xffff640
w	0xffff630
w	0xffff628
w	0xffff620
w	0xffff618
w	0xffff600
w	0xffff5f8
w	0xffff5f0
w	0xffff5e8
w	0xffff5e0
r	0xffff8a0
r	0xffff748
r	0xffff788
r	0xffff790
r	0x190d0
r	0x190d1
r	0xffff888
r	0xffff8a0
r	0xffff8a8
r	0x190d0
w	0xffff938
r	0x190d1
w	0xffff939
r	0xffff894
r	0xffff888
w	0xffff894
w	0xffff888
r	0xffff758
w	0xffff758
r	0xffff798
r	0xffff7a0
r	0xffff787
r	0xffff888
r	0xffff8a0
r	0xffff8a8
r	0xffff894
r	0xffff787
w	0xffff93a
r	0xffff894
r	0xffff888
w	0xffff894
w	0xffff888
r	0xffff758
w	0xffff758
r	0xffff640
r	0xffff638
r	0xffff630
r	0xffff628
r	0xffff620
r	0xffff618
r	0xffff610
r	0xffff608
r	0xffff600
r	0xffff5f8
r	0xffff5f0
r	0xffff5e8
r	0xffff5e0
r	0xffff690
w	0xffff758
w	0xffff750
r	0xffff688
r	0xffff680
r	0xffff678
r	0xffff670
r	0xffff668
r	0xffff660
r	0xffff658
r	0xffff650
r	0x190d4
w	0xffff750
r	0x190d4
r	0xffff758
r	0xffff898
r	0xffff6b4
r	0xffff880
r	0xffff878
r	0xffff870
r	0xffff868
r	0xffff860
r	0xffff858
r	0xffff850
r	0xffff848
r	0xffff840
r	0xffff838
r	0xffff830
r	0xffff828
r	0xffff820
r	0xffff810
w	0xffff878
w	0xffff880
r	0x1a6a0
r	0xffff898
r	0xffff880
r	0xffff878
r	0xffff898
w	0xffff870
w	0xffff860
w	0xffff880
w	0xffff878
w	0xffff868
r	0xffff8a0
r	0xffff888
w	0xffff888
w	0xffff894
r	0xffff8c8
r	0xffff8b8
r	0x1ac48
w	0xffff848
w	0xffff840
w	0xffff850
r	0x1ac4a
w	0x1ac48
r	0xffff850
r	0xffff848
r	0xffff840
r	0xffff880
r	0xffff878
r	0xffff870
r	0xffff868
r	0xffff860
r	0xffff898
r	0xffffd50
r	0xffffd48
r	0xffffd40
r	0xffffd38
r	0xfffff40
r	0xfffff38
r	0xfffff30
r	0xfffff28
r	0xfffff20
r	0xfffff18
r	0xfffff10
r	0xfffff08
r	0xfffff00
r	0xffffef8
r	0xffffef0
r	0xffffee8
r	0xffffee0
r	0xffffed0
r	0xfffff60
r	0xfffffe4
w	0xfffffe4
r	0xfffffe4
r	0xfffffe0
r	0xfffffe4
r	0xfffffcc
r	0x1b660
w	0xfffff78
w	0xfffff80
w	0xfffff90
w	0xfffff70
w	0xfffff88
w	0xfffff98
w	0xfffffa0
r	0x1a660
w	0xfffff60
w	0xfffff50
w	0xfffff40
w	0xfffff20
w	0xfffff18
w	0xfffff00
w	0xffffd80
w	0xfffff38
w	0xfffff30
w	0xfffff28
w	0xfffff10
w	0xfffff08
w	0xffffef8
w	0xffffef0
w	0xffffee8
w	0xffffee0
w	0xffffed0
r	0x1add8
w	0xffffdb8
r	0x1b688
r	0x195d0
r	0x195d0
r	0x195d1
w	0xffffdc0
r	0x1a6a0
r	0x1ac48
r	0x1ac50
r	0x1ac4a
r	0xffffd80
r	0x1ac48
r	0x1ace4
r	0x1ac4a
r	0x1ac68
r	0x1ac78
w	0xffffd48
w	0xffff898
w	0xffffd40
w	0xffffd38
w	0xffffd50
w	0xffff934
w	0xffff89a
w	0xffff8b8
w	0xffff8c8
w	0xffff888
w	0xffff8a0
w	0xffff894
w	0xffff8a8
w	0xffff8b0
w	0xffff880
w	0xffff860
w	0xffff858
w	0xffff840
w	0xffff6c0
w	0xffff878
w	0xffff870
w	0xffff868
w	0xffff850
w	0xffff848
w	0xffff838
w	0xffff830
w	0xffff828
w	0xffff820
w	0xffff810
r	0x1add8
w	0xffff6f8
r	0x1b688
r	0x195d0
r	0x195d0
r	0x195d1
w	0xffff700
r	0x1a6a0
r	0xffff898
r	0xffff934
w	0xffff898
w	0xffff934
r	0xffff8a0
w	0xffff6c8
w	0xffff6f0
w	0xffff748
w	0xffff758
w	0xffff750
w	0xffff708
w	0xffff6d0
w	0xffff70c
w	0xffff6b4
w	0xffff710
r	0x190d0
r	0x190d1
r	0x190d2
r	0xffff758
r	0xffff750
w	0xffff788
w	0xffff790
w	0xffff758
w	0xffff750
r	0xffff6b4
w	0xffff6b4
r	0x190d2
w	0xffff727
w	0xffff6b0
r	0x190d3
r	0xffff6c8
r	0x19218
r	0xffff6c0
r	0xfffff70
w	0xffff6c0
r	0xffff727
w	0xffff787
r	0xffff710
w	0xffff6b8
r	0xffff6b8
w	0xffff6a0
w	0xffff6e4
w	0xffff6d8
w	0xffff6e0
r	0xffff6b0
r	0xffff6a0
r	0xffff758
r	0xffff6d8
r	0xffff6e0
r	0xffff6b8
r	0xffff6b8
r	0xffff750
w	0xffff798
w	0xffff7a0
w	0xffff758
w	0xffff750
r	0xffff6b0
r	0xffff6a0
r	0xffff6b4
w	0xffff6b4
r	0xffff758
r	0xffff934
w	0xffff658
w	0xffff690
w	0xffff688
w	0xffff680
w	0xffff678
w	0xffff670
w	0xffff668
w	0xffff660
w	0xffff650
r	0xffff758
r	0xffff898
w	0xffff638
w	0xffff610
w	0xffff608
w	0xffff640
w	0xffff630
w	0xffff628
w	0xffff620
w	0xffff618
w	0xffff600
w	0xffff5f8
w	0xffff5f0
w	0xffff5e8
w	0xffff5e0
r	0xffff8a0
r	0xffff748
r	0xffff788
r	0xffff790
r	0x190d0
r	0x190d1
r	0xffff888
r	0xffff8a0
r	0xffff8a8
r	0x190d0
w	0xffff938
r	0x190d1
w	0xffff939
r	0xffff894
r	0xffff888
w	0xffff894
w	0xffff888
r	0xffff758
w	0xffff758
r	0xffff798
r	0xffff7a0
r	0xffff787
r	0xffff888
r	0xffff8a0
r	0xffff8a8
r	0xffff894
r	0xffff787
w	0xffff93a
r	0xffff894
r	0xffff888
w	0xffff894
w	0xffff888
r	0xffff758
w	0xffff758
r	0xffff640
r	0xffff638
r	0xffff630
r	0xffff628
r	0xffff620
r	0xffff618
r	0xffff610
r	0xffff608
r	0xffff600
r	0xffff5f8
r	0xffff5f0
r	0xffff5e8
r	0xffff5e0
r	0xffff690
w	0xffff758
w	0xffff750
r	0xffff688
r	0xffff680
r	0xffff678
r	0xffff670
r	0xffff668
r	0xffff660
r	0xffff658
r	0xffff650
r	0x190d4
w	0xffff750
r	0x190d4
r	0xffff758
r	0xffff898
r	0xffff6b4
r	0xffff880
r	0xffff878
r	0xffff870
r	0xffff868
r	0xffff860
r	0xffff858
r	0xffff850
r	0xffff848
r	0xffff840
r	0xffff838
r	0xffff830
r	0xffff828
r	0xffff820
r	0xffff810
w	0xffff878
w	0xffff880
r	0x1a6a0
r	0xffff898
r	0xffff880
r	0xffff878
r	0xffff898
w	0xffff870
w	0xffff860
w	0xffff880
w	0xffff878
w	0xffff868
r	0xffff8a0
r	0xffff888
w	0xffff888
w	0xffff894
r	0xffff8c8
r	0xffff8b8
r	0x1ac48
w	0xffff848
w	0xffff840
w	0xffff850
r	0x1ac4a
w	0x1ac48
r	0xffff850
r	0xffff848
r	0xffff840
r	0xffff880
r	0xffff878
r	0xffff870
r	0xffff868
r	0xffff860
r	0xffff898
r	0xffffd50
r	0xffffd48
r	0xffffd40
r	0xffffd38
r	0xfffff40
r	0xfffff38
r	0xfffff30
r	0xfffff28
r	0xfffff20
r	0xfffff18
r	0xfffff10
r	0xfffff08
r	0xfffff00
r	0xffffef8
r	0xffffef0
r	0xffffee8
r	0xffffee0
r	0xffffed0
r	0xfffff60
r	0xfffffe4
w	0xfffffe4
r	0xfffffe4
r	0xfffffe0
r	0xfffffe4
r	0xfffffd0
r	0x1b660
w	0xfffff78
w	0xfffff80
w	0xfffff90
w	0xfffff70
w	0xfffff88
w	0xfffff98
w	0xfffffa0
r	0x1a660
w	0xfffff60
w	0xfffff50
w	0xfffff40
w	0xfffff20
w	0xfffff18
w	0xfffff00
w	0xffffd80
w	0xfffff38
w	0xfffff30
w	0xfffff28
w	0xfffff10
w	0xfffff08
w	0xffffef8
w	0xffffef0
w	0xffffee8
w	0xffffee0
w	0xffffed0
r	0x1add8
w	0xffffdb8
r	0x1b688
r	0x195d0
r	0x195d0
r	0x195d1
w	0xffffdc0
r	0x1a6a0
r	0x1ac48
r	0x1ac50
r	0x1ac4a
r	0xffffd80
r	0x1ac48
r	0x1ace4
r	0x1ac4a
r	0x1ac68
r	0x1ac78
w	0xffffd48
w	0xffff898
w	0xffffd40
w	0xffffd38
w	0xffffd50
w	0xffff934
w	0xffff89a
w	0xffff8b8
w	0xffff8c8
w	0xffff888
w	0xffff8a0
w	0xffff894
w	0xffff8a8
w	0xffff8b0
w	0xffff880
w	0xffff860
w	0xffff858
w	0xffff840
w	0xffff6c0
w	0xffff878
w	0xffff870
w	0xffff868
w	0xffff850
w	0xffff848
w	0xffff838
w	0xffff830
w	0xffff828
w	0xffff820
w	0xffff810
r	0x1add8
w	0xffff6f8
r	0x1b688
r	0x195d0
r	0x195d0
r	0x195d1
w	0xffff700
r	0x1a6a0
r	0xffff898
r	0xffff934
w	0xffff898
w	0xffff934
r	0xffff8a0
w	0xffff6c8
w	0xffff6f0
w	0xffff748
w	0xffff758
w	0xffff750
w	0xffff708
w	0xffff6d0
w	0xffff70c
w	0xffff6b4
w	0xffff710
r	0x190d0
r	0x190d1
r	0x190d2
r	0xffff758
r	0xffff750
w	0xffff788
w	0xffff790
w	0xffff758
w	0xffff750
r	0xffff6b4
w	0xffff6b4
r	0x190d2
w	0xffff727
w	0xffff6b0
r	0x190d3
r	0xffff6c8
r	0x19218
r	0xffff6c0
r	0xfffff70
w	0xffff6c0
r	0xffff727
w	0xffff787
r	0xffff710
w	0xffff6b8
r	0xffff6b8
w	0xffff6a0
w	0xffff6e4
w	0xffff6d8
w	0xffff6e0
r	0xffff6b0
r	0xffff6a0
r	0xffff758
r	0xffff6d8
r	0xffff6e0
r	0xffff6b8
r	0xffff6b8
r	0xffff750
w	0xffff798
w	0xffff7a0
w	0xffff758
w	0xffff750
r	0xffff6b0
r	0xffff6a0
r	0xffff6b4
w	0xffff6b4
r	0xffff758
r	0xffff934
w	0xffff658
w	0xffff690
w	0xffff688
w	0xffff680
w	0xffff678
w	0xffff670
w	0xffff668
w	0xffff660
w	0xffff650
r	0xffff758
r	0xffff898
w	0xffff638
w	0xffff610
w	0xffff608
w	0xffff640
w	0xffff630
w	0xffff628
w	0xffff620
w	0xffff618
w	0xffff600
w	0xffff5f8
w	0xffff5f0
w	0xffff5e8
w	0xffff5e0
r	0xffff8a0
r	0xffff748
r	0xffff788
r	0xffff790
r	0x190d0
r	0x190d1
r	0xffff888
r	0xffff8a0
r	0xffff8a8
r	0x190d0
w	0xffff938
r	0x190d1
w	0xffff939
r	0xffff894
r	0xffff888
w	0xffff894
w	0xffff888
r	0xffff758
w	0xffff758
r	0xffff798
r	0xffff7a0
r	0xffff787
r	0xffff888
r	0xffff8a0
r	0xffff8a8
r	0xffff894
r	0xffff787
w	0xffff93a
r	0xffff894
r	0xffff888
w	0xffff894
w	0xffff888
r	0xffff758
w	0xffff758
r	0xffff640
r	0xffff638
r	0xffff630
r	0xffff628
r	0xffff620
r	0xffff618
r	0xffff610
r	0xffff608
r	0xffff600
r	0xffff5f8
r	0xffff5f0
r	0xffff5e8
r	0xffff5e0
r	0xffff690
w	0xffff758
w	0xffff750
r	0xffff688
r	0xffff680
r	0xffff678
r	0xffff670
r	0xffff668
r	0xffff660
r	0xffff658
r	0xffff650
r	0x190d4
w	0xffff750
r	0x190d4
r	0xffff758
r	0xffff898
r	0xffff6b4
r	0xffff880
r	0xffff878
r	0xffff870
r	0xffff868
r	0xffff860
r	0xffff858
r	0xffff850
r	0xffff848
r	0xffff840
r	0xffff838
r	0xffff830
r	0xffff828
r	0xffff820
r	0xffff810
w	0xffff878
w	0xffff880
r	0x1a6a0
r	0xffff898
r	0xffff880
r	0xffff878
r	0xffff898
w	0xffff870
w	0xffff860
w	0xffff880
w	0xffff878
w	0xffff868
r	0xffff8a0
r	0xffff888
w	0xffff888
w	0xffff894
r	0xffff8c8
r	0xffff8b8
r	0x1ac48
w	0xffff848
w	0xffff840
w	0xffff850
r	0x1ac4a
w	0x1ac48
r	0xffff850
r	0xffff848
r	0xffff840
r	0xffff880
r	0xffff878
r	0xffff870
r	0xffff868
r	0xffff860
r	0xffff898
r	0xffffd50
r	0xffffd48
r	0xffffd40
r	0xffffd38
r	0xfffff40
r	0xfffff38
r	0xfffff30
r	0xfffff28
r	0xfffff20
r	0xfffff18
r	0xfffff10
r	0xfffff08
r	0xfffff00
r	0xffffef8
r	0xffffef0
r	0xffffee8
r	0xffffee0
r	0xffffed0
r	0xfffff60
r	0xfffffe4
w	0xfffffe4
r	0xfffffe4
r	0xfffffe0
r	0xfffffe4
r	0xfffffd4
r	0x1b660
w	0xfffff78
w	0xfffff80
w	0xfffff90
w	0xfffff70
w	0xfffff88
w	0xfffff98
w	0xfffffa0
r	0x1a660
w	0xfffff60
w	0xfffff50
w	0xfffff40
w	0xfffff20
w	0xfffff18
w	0xfffff00
w	0xffffd80
w	0xfffff38
w	0xfffff30
w	0xfffff28
w	0xfffff10
w	0xfffff08
w	0xffffef8
w	0xffffef0
w	0xffffee8
w	0xffffee0
w	0xffffed0
r	0x1add8
w	0xffffdb8
r	0x1b688
r	0x195d0
r	0x195d0
r	0x195d1
w	0xffffdc0
r	0x1a6a0
r	0x1ac48
r	0x1ac50
r	0x1ac4a
r	0xffffd80
r	0x1ac48
r	0x1ace4
r	0x1ac4a
r	0x1ac68
r	0x1ac78
w	0xffffd48
w	0xffff898
w	0xffffd40
w	0xffffd38
w	0xffffd50
w	0xffff934
w	0xffff89a
w	0xffff8b8
w	0xffff8c8
w	0xffff888
w	0xffff8a0
w	0xffff894
w	0xffff8a8
w	0xffff8b0
w	0xffff880
w	0xffff860
w	0xffff858
w	0xffff840
w	0xffff6c0
w	0xffff878
w	0xffff870
w	0xffff868
w	0xffff850
w	0xffff848
w	0xffff838
w	0xffff830
w	0xffff828
w	0xffff820
w	0xffff810
r	0x1add8
w	0xffff6f8
r	0x1b688
r	0x195d0
r	0x195d0
r	0x195d1
w	0xffff700
r	0x1a6a0
r	0xffff898
r	0xffff934
w	0xffff898
w	0xffff934
r	0xffff8a0
w	0xffff6c8
w	0xffff6f0
w	0xffff748
w	0xffff758
w	0xffff750
w	0xffff708
w	0xffff6d0
w	0xffff70c
w	0xffff6b4
w	0xffff710
r	0x190d0
r	0x190d1
r	0x190d2
r	0xffff758
r	0xffff750
w	0xffff788
w	0xffff790
w	0xffff758
w	0xffff750
r	0xffff6b4
w	0xffff6b4
r	0x190d2
w	0xffff727
w	0xffff6b0
r	0x190d3
r	0xffff6c8
r	0x19218
r	0xffff6c0
r	0xfffff70
w	0xffff6c0
r	0xffff727
w	0xffff787
r	0xffff710
w	0xffff6b8
r	0xffff6b8
w	0xffff6a0
w	0xffff6e4
w	0xffff6d8
w	0xffff6e0
r	0xffff6b0
r	0xffff6a0
r	0xffff758
r	0xffff6d8
r	0xffff6e0
r	0xffff6b8
r	0xffff6b8
r	0xffff750
w	0xffff798
w	0xffff7a0
w	0xffff758
w	0xffff750
r	0xffff6b0
r	0xffff6a0
r	0xffff6b4
w	0xffff6b4
r	0xffff758
r	0xffff934
w	0xffff658
w	0xffff690
w	0xffff688
w	0xffff680
w	0xffff678
w	0xffff670
w	0xffff668
w	0xffff660
w	0xffff650
r	0xffff758
r	0xffff898
w	0xffff638
w	0xffff610
w	0xffff608
w	0xffff640
w	0xffff630
w	0xffff628
w	0xffff620
w	0xffff618
w	0xffff600
w	0xffff5f8
w	0xffff5f0
w	0xffff5e8
w	0xffff5e0
r	0xffff8a0
r	0xffff748
r	0xffff788
r	0xffff790
r	0x190d0
r	0x190d1
r	0xffff888
r	0xffff8a0
r	0xffff8a8
r	0x190d0
w	0xffff938
r	0x190d1
w	0xffff939
r	0xffff894
r	0xffff888
w	0xffff894
w	0xffff888
r	0xffff758
w	0xffff758
r	0xffff798
r	0xffff7a0
r	0xffff787
r	0xffff888
r	0xffff8a0
r	0xffff8a8
r	0xffff894
r	0xffff787
w	0xffff93a
r	0xffff894
r	0xffff888
w	0xffff894
w	0xffff888
r	0xffff758
w	0xffff758
r	0xffff640
r	0xffff638
r	0xffff630
r	0xffff628
r	0xffff620
r	0xffff618
r	0xffff610
r	0xffff608
r	0xffff600
r	0xffff5f8
r	0xffff5f0
r	0xffff5e8
r	0xffff5e0
r	0xffff690
w	0xffff758
w	0xffff750
r	0xffff688
r	0xffff680
r	0xffff678
r	0xffff670
r	0xffff668
r	0xffff660
r	0xffff658
r	0xffff650
r	0x190d4
w	0xffff750
r	0x190d4
r	0xffff758
r	0xffff898
r	0xffff6b4
r	0xffff880
r	0xffff878
r	0xffff870
r	0xffff868
r	0xffff860
r	0xffff858
r	0xffff850
r	0xffff848
r	0xffff840
r	0xffff838
r	0xffff830
r	0xffff828
r	0xffff820
r	0xffff810
w	0xffff878
w	0xffff880
r	0x1a6a0
r	0xffff898
r	0xffff880
r	0xffff878
r	0xffff898
w	0xffff870
w	0xffff860
w	0xffff880
w	0xffff878
w	0xffff868
r	0xffff8a0
r	0xffff888
w	0xffff888
w	0xffff894
r	0xffff8c8
r	0xffff8b8
r	0x1ac48
w	0xffff848
w	0xffff840
w	0xffff850
r	0x1ac4a
w	0x1ac48
r	0xffff850
r	0xffff848
r	0xffff840
r	0xffff880
r	0xffff878
r	0xffff870
r	0xffff868
r	0xffff860
r	0xffff898
r	0xffffd50
r	0xffffd48
r	0xffffd40
r	0xffffd38
r	0xfffff40
r	0xfffff38
r	0xfffff30
r	0xfffff28
r	0xfffff20
r	0xfffff18
r	0xfffff10
r	0xfffff08
r	0xfffff00
r	0xffffef8
r	0xffffef0
r	0xffffee8
r	0xffffee0
r	0xffffed0
r	0xfffff60
r	0xfffffe4
w	0xfffffe4
r	0xfffffe4
r	0xfffffe0
r	0xfffffe4
r	0xfffffd8
r	0x1b660
w	0xfffff78
w	0xfffff80
w	0xfffff90
w	0xfffff70
w	0xfffff88
w	0xfffff98
w	0xfffffa0
r	0x1a660
w	0xfffff60
w	0xfffff50
w	0xfffff40
w	0xfffff20
w	0xfffff18
w	0xfffff00
w	0xffffd80
w	0xfffff38
w	0xfffff30
w	0xfffff28
w	0xfffff10
w	0xfffff08
w	0xffffef8
w	0xffffef0
w	0xffffee8
w	0xffffee0
w	0xffffed0
r	0x1add8
w	0xffffdb8
r	0x1b688
r	0x195d0
r	0x195d0
r	0x195d1
w	0xffffdc0
r	0x1a6a0
r	0x1ac48
r	0x1ac50
r	0x1ac4a
r	0xffffd80
r	0x1ac48
r	0x1ace4
r	0x1ac4a
r	0x1ac68
r	0x1ac78
w	0xffffd48
w	0xffff898
w	0xffffd40
w	0xffffd38
w	0xffffd50
w	0xffff934
w	0xffff89a
w	0xffff8b8
w	0xffff8c8
w	0xffff888
w	0xffff8a0
w	0xffff894
w	0xffff8a8
w	0xffff8b0
w	0xffff880
w	0xffff860
w	0xffff858
w	0xffff840
w	0xffff6c0
w	0xffff878
w	0xffff870
w	0xffff868
w	0xffff850
w	0xffff848
w	0xffff838
w	0xffff830
w	0xffff828
w	0xffff820
w	0xffff810
r	0x1add8
w	0xffff6f8
r	0x1b688
r	0x195d0
r	0x195d0
r	0x195d1
w	0xffff700
r	0x1a6a0
r	0xffff898
r	0xffff934
w	0xffff898
w	0xffff934
r	0xffff8a0
w	0xffff6c8
w	0xffff6f0
w	0xffff748
w	0xffff758
w	0xffff750
w	0xffff708
w	0xffff6d0
w	0xffff70c
w	0xffff6b4
w	0xffff710
r	0x190d0
r	0x190d1
r	0x190d2
r	0xffff758
r	0xffff750
w	0xffff788
w	0xffff790
w	0xffff758
w	0xffff750
r	0xffff6b4
w	0xffff6b4
r	0x190d2
w	0xffff727
w	0xffff6b0
r	0x190d3
r	0xffff6c8
r	0x19218
r	0xffff6c0
r	0xfffff70
w	0xffff6c0
r	0xffff727
w	0xffff787
r	0xffff710
w	0xffff6b8
r	0xffff6b8
w	0xffff6a0
w	0xffff6e4
w	0xffff6d8
w	0xffff6e0
r	0xffff6b0
r	0xffff6a0
r	0xffff758
r	0xffff6d8
r	0xffff6e0
r	0xffff6b8
r	0xffff6b8
r	0xffff750
w	0xffff798
w	0xffff7a0
w	0xffff758
w	0xffff750
r	0xffff6b0
r	0xffff6a0
r	0xffff6b4
w	0xffff6b4
r	0xffff758
r	0xffff934
w	0xffff658
w	0xffff690
w	0xffff688
w	0xffff680
w	0xffff678
w	0xffff670
w	0xffff668
w	0xffff660
w	0xffff650
r	0xffff758
r	0xffff898
w	0xffff638
w	0xffff610
w	0xffff608
w	0xffff640
w	0xffff630
w	0xffff628
w	0xffff620
w	0xffff618
w	0xffff600
w	0xffff5f8
w	0xffff5f0
w	0xffff5e8
w	0xffff5e0
r	0xffff8a0
r	0xffff748
r	0xffff788
r	0xffff790
r	0x190d0
r	0x190d1
r	0xffff888
r	0xffff8a0
r	0xffff8a8
r	0x190d0
w	0xffff938
r	0x190d1
w	0xffff939
r	0xffff894
r	0xffff888
w	0xffff894
w	0xffff888
r	0xffff758
w	0xffff758
r	0xffff798
r	0xffff7a0
r	0xffff787
r	0xffff888
r	0xffff8a0
r	0xffff8a8
r	0xffff894
r	0xffff787
w	0xffff93a
r	0xffff894
r	0xffff888
w	0xffff894
w	0xffff888
r	0xffff758
w	0xffff758
r	0xffff640
r	0xffff638
r	0xffff630
r	0xffff628
r	0xffff620
r	0xffff618
r	0xffff610
r	0xffff608
r	0xffff600
r	0xffff5f8
r	0xffff5f0
r	0xffff5e8
r	0xffff5e0
r	0xffff690
w	0xffff758
w	0xffff750
r	0xffff688
r	0xffff680
r	0xffff678
r	0xffff670
r	0xffff668
r	0xffff660
r	0xffff658
r	0xffff650
r	0x190d4
w	0xffff750
r	0x190d4
r	0xffff758
r	0xffff898
r	0xffff6b4
r	0xffff880
r	0xffff878
r	0xffff870
r	0xffff868
r	0xffff860
r	0xffff858
r	0xffff850
r	0xffff848
r	0xffff840
r	0xffff838
r	0xffff830
r	0xffff828
r	0xffff820
r	0xffff810
w	0xffff878
w	0xffff880
r	0x1a6a0
r	0xffff898
r	0xffff880
r	0xffff878
r	0xffff898
w	0xffff870
w	0xffff860
w	0xffff880
w	0xffff878
w	0xffff868
r	0xffff8a0
r	0xffff888
w	0xffff888
w	0xffff894
r	0xffff8c8
r	0xffff8b8
r	0x1ac48
w	0xffff848
w	0xffff840
w	0xffff850
r	0x1ac4a
w	0x1ac48
r	0xffff850
r	0xffff848
r	0xffff840
r	0xffff880
r	0xffff878
r	0xffff870
r	0xffff868
r	0xffff860
r	0xffff898
r	0xffffd50
r	0xffffd48
r	0xffffd40
r	0xffffd38
r	0xfffff40
r	0xfffff38
r	0xfffff30
r	0xfffff28
r	0xfffff20
r	0xfffff18
r	0xfffff10
r	0xfffff08
r	0xfffff00
r	0xffffef8
r	0xffffef0
r	0xffffee8
r	0xffffee0
r	0xffffed0
r	0xfffff60
r	0xfffffe4
w	0xfffffe4
r	0xfffffe4
r	0xfffffe0
r	0xfffffe4
r	0xfffffdc
r	0x1b660
w	0xfffff78
w	0xfffff80
w	0xfffff90
w	0xfffff70
w	0xfffff88
w	0xfffff98
w	0xfffffa0
r	0x1a660
w	0xfffff60
w	0xfffff50
w	0xfffff40
w	0xfffff20
w	0xfffff18
w	0xfffff00
w	0xffffd80
w	0xfffff38
w	0xfffff30
w	0xfffff28
w	0xfffff10
w	0xfffff08
w	0xffffef8
w	0xffffef0
w	0xffffee8
w	0xffffee0
w	0xffffed0
r	0x1add8
w	0xffffdb8
r	0x1b688
r	0x195d0
r	0x195d0
r	0x195d1
w	0xffffdc0
r	0x1a6a0
r	0x1ac48
r	0x1ac50
r	0x1ac4a
r	0xffffd80
r	0x1ac48
r	0x1ace4
r	0x1ac4a
r	0x1ac68
r	0x1ac78
w	0xffffd48
w	0xffff898
w	0xffffd40
w	0xffffd38
w	0xffffd50
w	0xffff934
w	0xffff89a
w	0xffff8b8
w	0xffff8c8
w	0xffff888
w	0xffff8a0
w	0xffff894
w	0xffff8a8
w	0xffff8b0
w	0xffff880
w	0xffff860
w	0xffff858
w	0xffff840
w	0xffff6c0
w	0xffff878
w	0xffff870
w	0xffff868
w	0xffff850
w	0xffff848
w	0xffff838
w	0xffff830
w	0xffff828
w	0xffff820
w	0xffff810
r	0x1add8
w	0xffff6f8
r	0x1b688
r	0x195d0
r	0x195d0
r	0x195d1
w	0xffff700
r	0x1a6a0
r	0xffff898
r	0xffff934
w	0xffff898
w	0xffff934
r	0xffff8a0
w	0xffff6c8
w	0xffff6f0
w	0xffff748
w	0xffff758
w	0xffff750
w	0xffff708
w	0xffff6d0
w	0xffff70c
w	0xffff6b4
w	0xffff710
r	0x190d0
r	0x190d1
r	0x190d2
r	0xffff758
r	0xffff750
w	0xffff788
w	0xffff790
w	0xffff758
w	0xffff750
r	0xffff6b4
w	0xffff6b4
r	0x190d2
w	0xffff727
w	0xffff6b0
r	0x190d3
r	0xffff6c8
r	0x19218
r	0xffff6c0
r	0xfffff70
w	0xffff6c0
r	0xffff727
w	0xffff787
r	0xffff710
w	0xffff6b8
r	0xffff6b8
w	0xffff6a0
w	0xffff6e4
w	0xffff6d8
w	0xffff6e0
r	0xffff6b0
r	0xffff6a0
r	0xffff758
r	0xffff6d8
r	0xffff6e0
r	0xffff6b8
r	0xffff6b8
r	0xffff750
w	0xffff798
w	0xffff7a0
w	0xffff758
w	0xffff750
r	0xffff6b0
r	0xffff6a0
r	0xffff6b4
w	0xffff6b4
r	0xffff758
r	0xffff934
w	0xffff658
w	0xffff690
w	0xffff688
w	0xffff680
w	0xffff678
w	0xffff670
w	0xffff668
w	0xffff660
w	0xffff650
r	0xffff758
r	0xffff898
w	0xffff638
w	0xffff610
w	0xffff608
w	0xffff640
w	0xffff630
w	0xffff628
w	0xffff620
w	0xffff618
w	0xffff600
w	0xffff5f8
w	0xffff5f0
w	0xffff5e8
w	0xffff5e0
r	0xffff8a0
r	0xffff748
r	0xffff788
r	0xffff790
r	0x190d0
r	0x190d1
r	0xffff888
r	0xffff8a0
r	0xffff8a8
r	0x190d0
w	0xffff938
r	0x190d1
w	0xffff939
r	0xffff894
r	0xffff888
w	0xffff894
w	0xffff888
r	0xffff758
w	0xffff758
r	0xffff798
r	0xffff7a0
r	0xffff787
r	0xffff888
r	0xffff8a0
r	0xffff8a8
r	0xffff894
r	0xffff787
w	0xffff93a
r	0xffff894
r	0xffff888
w	0xffff894
w	0xffff888
r	0xffff758
w	0xffff758
r	0xffff640
r	0xffff638
r	0xffff630
r	0xffff628
r	0xffff620
r	0xffff618
r	0xffff610
r	0xffff608
r	0xffff600
r	0xffff5f8
r	0xffff5f0
r	0xffff5e8
r	0xffff5e0
r	0xffff690
w	0xffff758
w	0xffff750
r	0xffff688
r	0xffff680
r	0xffff678
r	0xffff670
r	0xffff668
r	0xffff660
r	0xffff658
r	0xffff650
r	0x190d4
w	0xffff750
r	0x190d4
r	0xffff758
r	0xffff898
r	0xffff6b4
r	0xffff880
r	0xffff878
r	0xffff870
r	0xffff868
r	0xffff860
r	0xffff858
r	0xffff850
r	0xffff848
r	0xffff840
r	0xffff838
r	0xffff830
r	0xffff828
r	0xffff820
r	0xffff810
w	0xffff878
w	0xffff880
r	0x1a6a0
r	0xffff898
r	0xffff880
r	0xffff878
r	0xffff898
w	0xffff870
w	0xffff860
w	0xffff880
w	0xffff878
w	0xffff868
r	0xffff8a0
r	0xffff888
w	0xffff888
w	0xffff894
r	0xffff8c8
r	0xffff8b8
r	0x1ac48
w	0xffff848
w	0xffff840
w	0xffff850
r	0x1ac4a
w	0x1ac48
r	0xffff850
r	0xffff848
r	0xffff840
r	0xffff880
r	0xffff878
r	0xffff870
r	0xffff868
r	0xffff860
r	0xffff898
r	0xffffd50
r	0xffffd48
r	0xffffd40
r	0xffffd38
r	0xfffff40
r	0xfffff38
r	0xfffff30
r	0xfffff28
r	0xfffff20
r	0xfffff18
r	0xfffff10
r	0xfffff08
r	0xfffff00
r	0xffffef8
r	0xffffef0
r	0xffffee8
r	0xffffee0
r	0xffffed0
r	0xfffff60
r	0xfffffe4
w	0xfffffe4
r	0xfffffe4
r	0xfffffe0
r	0x1b660
w	0xfffff98
w	0xfffff90
w	0xfffffa0
r	0x1b688
r	0x190d8
r	0x190d8
r	0x190d9
r	0x1a660
r	0x1ac48
w	0xfffff78
w	0xfffff80
w	0xfffff50
w	0xfffff68
w	0xfffff70
w	0xfffff60
w	0xfffff58
r	0xfffff60
r	0x1ac48
w	0xfffff38
w	0xfffff10
w	0xfffff08
w	0xfffff40
w	0xfffff30
w	0xfffff28
w	0xfffff20
w	0xfffff18
w	0xfffff00
w	0xffffef8
w	0xffffef0
w	0xffffee8
w	0xffffee0
r	0x1ac50
r	0xfffff50
r	0xfffff68
r	0xfffff70
r	0x1ac78
r	0x1ac68
r	0x1ac48
w	0xffffec8
w	0xffffec0
w	0xffffed0
r	0x1ac4a
w	0x1ac48
r	0xffffed0
r	0xffffec8
r	0xffffec0
r	0xfffff60
w	0xfffff60
r	0xfffff78
r	0xfffff80
r	0x1ac78
r	0x1ac68
r	0x1ac48
w	0xffffec8
w	0xffffec0
w	0xffffed0
r	0x1ac4a
w	0x1ac48
r	0xffffed0
r	0xffffec8
r	0xffffec0
r	0xfffff60
w	0xfffff60
r	0xfffff40
r	0xfffff38
r	0xfffff30
r	0xfffff28
r	0xfffff20
r	0xfffff18
r	0xfffff10
r	0xfffff08
r	0xfffff00
r	0xffffef8
r	0xffffef0
r	0xffffee8
r	0xffffee0
r	0xfffffa0
r	0xfffff98
r	0xfffff90
r	0xffffff0
r	0xfffffe8
w	0xfffffe8
w	0xffffff0
w	0xfffffb8
r	0x1b658
w	0xfffffc0
w	0xfffffd0
w	0xfffffc8
w	0xfffffb0
w	0xfffffa0
w	0xfffff98
w	0xfffffe0
w	0xfffffd8
w	0xfffffa8
w	0xfffff90
w	0xfffff88
r	0x1a848
r	0x1a858
r	0x1a858
r	0x1a860
w	0x1a858
r	0x1ab60
r	0x1a858
w	0xfffff78
w	0xfffff70
w	0xfffff80
r	0x195e0
w	0xfffff58
r	0x1b718
w	0xfffff60
w	0x1b718
r	0xfffff60
r	0xfffff58
r	0xfffff80
r	0xfffff78
r	0xfffff70
r	0x1a858
r	0x1a848
r	0xfffffe0
r	0xfffffd8
r	0xfffffd0
r	0xfffffc8
r	0xfffffc0
r	0xfffffb8
r	0xfffffb0
r	0xfffffa8
r	0xfffffa0
r	0xfffff98
r	0xfffff90
r	0xfffff88
r	0x1b658
r	0x1a6a8
w	0xfffffa8
w	0xfffffe0
w	0xfffffd8
w	0xfffffd0
w	0xfffffc8
w	0xfffffc0
w	0xfffffb8
w	0xfffffb0
w	0xfffffa0
r	0x1ab78
r	0x1ab80
r	0x1ab98
r	0x1ab9a
w	0xfffff88
w	0xfffff80
w	0xfffff90
w	0xfffff78
r	0x1a6a0
r	0x1ab98
r	0x1ab98
w	0xfffff60
w	0xfffff50
w	0xfffff70
w	0xfffff68
w	0xfffff58
r	0x1ab90
w	0x1ab98
r	0x1abf8
r	0xfffff70
r	0xfffff68
r	0xfffff60
r	0xfffff58
r	0xfffff50
r	0x1abd8
r	0x1abb8
r	0x1ab9a
r	0x1ab98
r	0x1abe0
r	0x1ac00
w	0x1ab98
r	0xfffff90
r	0xfffff88
r	0xfffff80
r	0xfffff78
r	0x1ac48
r	0x1ac4a
w	0xfffff88
w	0xfffff80
w	0xfffff90
w	0xfffff78
r	0x1a6a0
r	0x1ac48
r	0x1ac48
w	0xfffff60
w	0xfffff50
w	0xfffff70
w	0xfffff68
w	0xfffff58
r	0x1ac50
r	0x1ac38
w	0x1ac38
w	0x1ac44
r	0xfffff70
r	0xfffff68
r	0xfffff60
r	0xfffff58
r	0xfffff50
r	0x1ac88
r	0x1ac68
r	0x1ac4a
r	0x1ac48
r	0x1ac90
r	0x1acb0
w	0x1ac48
r	0xfffff90
r	0xfffff88
r	0xfffff80
r	0xfffff78
r	0x1acf8
r	0x1acfa
w	0xfffff88
w	0xfffff80
w	0xfffff90
w	0xfffff78
r	0x1a6a0
r	0x1acf8
r	0x1acf8
w	0xfffff60
w	0xfffff50
w	0xfffff70
w	0xfffff68
w	0xfffff58
r	0x1acf0
w	0x1acf8
r	0x1ad58
r	0xfffff70
r	0xfffff68
r	0xfffff60
r	0xfffff58
r	0xfffff50
r	0x1ad38
r	0x1ad18
r	0x1acfa
r	0x1acf8
r	0x1ad40
r	0x1ad60
w	0x1acf8
r	0xfffff90
r	0xfffff88
r	0xfffff80
r	0xfffff78
r	0x1ab70
r	0xfffffe0
r	0xfffffd8
r	0xfffffd0
r	0xfffffc8
r	0xfffffc0
r	0xfffffb8
r	0xfffffb0
r	0xfffffa8
r	0xfffffa0
